TN:
SF:src\services\agent.ts
FN:15,(anonymous_0)
FN:132,computeAverageRating
FN:134,(anonymous_2)
FN:140,fromRawProfile
FN:160,fromRawReview
FN:174,createAgentService
FN:182,getActor
FN:191,(anonymous_7)
FN:198,(anonymous_8)
FN:200,(anonymous_9)
FN:230,(anonymous_10)
FN:232,(anonymous_11)
FN:240,(anonymous_12)
FN:242,(anonymous_13)
FN:251,(anonymous_14)
FN:258,(anonymous_15)
FN:260,(anonymous_16)
FN:285,(anonymous_17)
FN:287,(anonymous_18)
FN:316,(anonymous_19)
FN:318,(anonymous_20)
FNF:21
FNH:16
FNDA:0,(anonymous_0)
FNDA:3,computeAverageRating
FNDA:3,(anonymous_2)
FNDA:0,fromRawProfile
FNDA:0,fromRawReview
FNDA:1,createAgentService
FNDA:0,getActor
FNDA:21,(anonymous_7)
FNDA:16,(anonymous_8)
FNDA:0,(anonymous_9)
FNDA:2,(anonymous_10)
FNDA:1,(anonymous_11)
FNDA:2,(anonymous_12)
FNDA:1,(anonymous_13)
FNDA:2,(anonymous_14)
FNDA:3,(anonymous_15)
FNDA:2,(anonymous_16)
FNDA:9,(anonymous_17)
FNDA:8,(anonymous_18)
FNDA:3,(anonymous_19)
FNDA:3,(anonymous_20)
DA:11,1
DA:15,1
DA:16,0
DA:31,0
DA:40,0
DA:49,0
DA:58,0
DA:64,0
DA:69,0
DA:133,3
DA:134,3
DA:135,2
DA:141,0
DA:161,0
DA:175,1
DA:177,1
DA:178,1
DA:179,1
DA:180,1
DA:183,0
DA:184,0
DA:185,0
DA:186,0
DA:189,1
DA:192,21
DA:193,21
DA:194,21
DA:195,21
DA:199,16
DA:200,16
DA:201,16
DA:218,16
DA:219,16
DA:221,0
DA:222,0
DA:226,0
DA:227,0
DA:231,2
DA:232,2
DA:234,0
DA:235,0
DA:236,0
DA:237,0
DA:241,2
DA:242,2
DA:244,0
DA:245,0
DA:246,0
DA:247,0
DA:248,0
DA:252,2
DA:253,0
DA:254,0
DA:255,0
DA:259,3
DA:260,3
DA:261,3
DA:262,2
DA:273,2
DA:274,2
DA:276,0
DA:277,0
DA:281,0
DA:282,0
DA:286,9
DA:287,9
DA:288,8
DA:289,6
DA:290,6
DA:291,5
DA:292,5
DA:301,5
DA:302,5
DA:304,0
DA:305,0
DA:306,0
DA:312,0
DA:313,0
DA:317,3
DA:318,3
DA:320,0
DA:321,0
DA:322,0
DA:323,0
DA:328,1
LF:85
LH:43
BRDA:11,0,0,1
BRDA:11,0,1,1
BRDA:133,1,0,1
BRDA:133,1,1,2
BRDA:153,2,0,0
BRDA:153,2,1,0
BRDA:154,3,0,0
BRDA:154,3,1,0
BRDA:183,4,0,0
BRDA:183,4,1,0
BRDA:199,5,0,16
BRDA:199,5,1,0
BRDA:200,6,0,0
BRDA:200,6,1,16
BRDA:226,7,0,0
BRDA:226,7,1,0
BRDA:231,8,0,2
BRDA:231,8,1,0
BRDA:232,9,0,2
BRDA:232,9,1,1
BRDA:236,10,0,0
BRDA:236,10,1,0
BRDA:241,11,0,2
BRDA:241,11,1,0
BRDA:242,12,0,2
BRDA:242,12,1,1
BRDA:247,13,0,0
BRDA:247,13,1,0
BRDA:252,14,0,2
BRDA:252,14,1,0
BRDA:259,15,0,3
BRDA:259,15,1,0
BRDA:261,16,0,1
BRDA:261,16,1,2
BRDA:281,17,0,0
BRDA:281,17,1,0
BRDA:286,18,0,9
BRDA:286,18,1,0
BRDA:287,19,0,1
BRDA:287,19,1,8
BRDA:288,20,0,2
BRDA:288,20,1,6
BRDA:288,21,0,8
BRDA:288,21,1,7
BRDA:290,22,0,1
BRDA:290,22,1,5
BRDA:312,23,0,0
BRDA:312,23,1,0
BRDA:317,24,0,3
BRDA:317,24,1,0
BRF:50
BRH:26
end_of_record
TN:
SF:src\services\agentProfile.ts
FN:16,sanitizeAgentProfile
FN:43,(anonymous_1)
FN:54,(anonymous_2)
FN:59,(anonymous_3)
FN:67,(anonymous_4)
FN:78,(anonymous_5)
FNF:6
FNH:6
FNDA:14,sanitizeAgentProfile
FNDA:5,(anonymous_1)
FNDA:4,(anonymous_2)
FNDA:1,(anonymous_3)
FNDA:5,(anonymous_4)
FNDA:4,(anonymous_5)
DA:17,14
DA:18,14
DA:19,14
DA:20,14
DA:22,14
DA:23,11
DA:24,11
DA:25,11
DA:26,11
DA:27,0
DA:29,11
DA:33,0
DA:37,14
DA:40,1
DA:42,1
DA:44,5
DA:45,5
DA:46,5
DA:47,3
DA:48,3
DA:50,1
DA:55,4
DA:56,4
DA:60,1
DA:68,5
DA:69,5
DA:70,5
DA:71,5
DA:72,5
DA:73,5
DA:74,5
DA:79,4
DA:80,4
DA:81,3
DA:87,4
LF:35
LH:33
BRDA:17,0,0,14
BRDA:17,0,1,0
BRDA:18,1,0,14
BRDA:18,1,1,0
BRDA:19,2,0,14
BRDA:19,2,1,0
BRDA:20,3,0,14
BRDA:20,3,1,0
BRDA:22,4,0,11
BRDA:22,4,1,3
BRDA:26,5,0,0
BRDA:26,5,1,11
BRDA:26,6,0,11
BRDA:26,6,1,11
BRDA:46,7,0,2
BRDA:46,7,1,3
BRDA:70,8,0,4
BRDA:70,8,1,1
BRDA:71,9,0,3
BRDA:71,9,1,2
BRDA:72,10,0,3
BRDA:72,10,1,2
BRDA:73,11,0,3
BRDA:73,11,1,2
BRDA:79,12,0,4
BRDA:79,12,1,1
BRDA:80,13,0,1
BRDA:80,13,1,3
BRDA:83,14,0,3
BRDA:83,14,1,1
BRDA:84,15,0,4
BRDA:84,15,1,1
BRDA:85,16,0,4
BRDA:85,16,1,1
BRF:34
BRH:29
end_of_record
TN:
SF:src\services\auth.ts
FN:6,(anonymous_0)
FN:79,getActor
FN:87,fromProfile
FN:102,unwrap
FN:110,(anonymous_4)
FN:120,(anonymous_5)
FN:126,(anonymous_6)
FN:132,(anonymous_7)
FN:138,(anonymous_8)
FN:143,(anonymous_9)
FNF:10
FNH:9
FNDA:0,(anonymous_0)
FNDA:17,getActor
FNDA:9,fromProfile
FNDA:14,unwrap
FNDA:3,(anonymous_4)
FNDA:9,(anonymous_5)
FNDA:2,(anonymous_6)
FNDA:1,(anonymous_7)
FNDA:3,(anonymous_8)
FNDA:19,(anonymous_9)
DA:4,6
DA:6,6
DA:7,0
DA:12,0
DA:22,0
DA:27,0
DA:28,0
DA:35,0
DA:36,0
DA:77,6
DA:80,17
DA:81,17
DA:82,17
DA:84,17
DA:88,9
DA:103,14
DA:104,5
DA:105,5
DA:106,5
DA:109,6
DA:111,3
DA:112,3
DA:117,3
DA:121,9
DA:122,9
DA:123,9
DA:127,2
DA:128,2
DA:129,2
DA:133,1
DA:134,0
DA:135,0
DA:139,3
DA:140,3
DA:144,19
LF:35
LH:26
BRDA:4,0,0,6
BRDA:4,0,1,6
BRDA:80,1,0,17
BRDA:80,1,1,0
BRDA:96,2,0,1
BRDA:96,2,1,8
BRDA:103,3,0,9
BRDA:103,3,1,5
BRDA:106,4,0,1
BRDA:106,4,1,4
BRDA:133,5,0,1
BRDA:133,5,1,0
BRF:12
BRH:10
end_of_record
TN:
SF:src\services\cert.ts
FN:19,(anonymous_0)
FN:25,getActor
FN:42,buildToken
FN:48,createCertService
FN:54,(anonymous_4)
FN:63,(anonymous_5)
FN:79,(anonymous_6)
FNF:7
FNH:5
FNDA:0,(anonymous_0)
FNDA:0,getActor
FNDA:18,buildToken
FNDA:1,createCertService
FNDA:18,(anonymous_4)
FNDA:18,(anonymous_5)
FNDA:9,(anonymous_6)
DA:15,1
DA:19,1
DA:20,0
DA:26,0
DA:27,0
DA:28,0
DA:29,0
DA:43,18
DA:49,1
DA:50,1
DA:52,1
DA:55,18
DA:56,18
DA:64,18
DA:65,18
DA:66,18
DA:67,18
DA:68,18
DA:70,0
DA:71,0
DA:72,0
DA:80,9
DA:82,8
DA:83,8
DA:85,0
DA:86,0
DA:87,0
DA:88,0
DA:89,0
DA:91,0
DA:97,1
LF:31
LH:17
BRDA:64,0,0,18
BRDA:64,0,1,0
BRDA:80,1,0,1
BRDA:80,1,1,8
BRDA:82,2,0,8
BRDA:82,2,1,0
BRDA:83,3,0,8
BRDA:83,3,1,3
BRDA:87,4,0,0
BRDA:87,4,1,0
BRF:10
BRH:6
end_of_record
TN:
SF:src\services\contractor.ts
FN:8,(anonymous_0)
FN:162,fromProfile
FN:179,unwrap
FN:188,createContractorService
FN:192,getActor
FN:201,(anonymous_5)
FN:204,(anonymous_6)
FN:209,(anonymous_7)
FN:212,(anonymous_8)
FN:214,(anonymous_9)
FN:218,(anonymous_10)
FN:221,(anonymous_11)
FN:229,(anonymous_12)
FN:231,(anonymous_13)
FN:240,(anonymous_14)
FN:250,(anonymous_15)
FN:263,(anonymous_16)
FN:278,(anonymous_17)
FN:286,(anonymous_18)
FN:296,(anonymous_19)
FNF:20
FNH:14
FNDA:0,(anonymous_0)
FNDA:32,fromProfile
FNDA:6,unwrap
FNDA:6,createContractorService
FNDA:37,getActor
FNDA:14,(anonymous_5)
FNDA:0,(anonymous_6)
FNDA:3,(anonymous_7)
FNDA:5,(anonymous_8)
FNDA:0,(anonymous_9)
FNDA:6,(anonymous_10)
FNDA:2,(anonymous_11)
FNDA:5,(anonymous_12)
FNDA:0,(anonymous_13)
FNDA:3,(anonymous_14)
FNDA:3,(anonymous_15)
FNDA:5,(anonymous_16)
FNDA:0,(anonymous_17)
FNDA:0,(anonymous_18)
FNDA:30,(anonymous_19)
DA:4,6
DA:8,6
DA:9,0
DA:13,0
DA:27,0
DA:33,0
DA:42,0
DA:51,0
DA:59,0
DA:163,32
DA:180,6
DA:181,2
DA:182,2
DA:183,2
DA:189,6
DA:190,6
DA:193,37
DA:194,30
DA:195,30
DA:197,37
DA:200,6
DA:202,14
DA:203,0
DA:204,0
DA:207,14
DA:208,14
DA:209,14
DA:213,5
DA:214,0
DA:216,5
DA:217,5
DA:218,6
DA:222,2
DA:223,2
DA:224,2
DA:225,2
DA:226,1
DA:230,5
DA:231,0
DA:233,5
DA:234,5
DA:235,5
DA:236,5
DA:237,4
DA:241,3
DA:242,3
DA:251,3
DA:252,3
DA:264,5
DA:266,0
DA:268,5
DA:269,5
DA:270,5
DA:271,5
DA:272,4
DA:273,4
DA:274,4
DA:279,0
DA:281,0
DA:283,0
DA:284,0
DA:285,0
DA:286,0
DA:297,30
DA:298,30
DA:303,6
LF:66
LH:48
BRDA:4,0,0,6
BRDA:4,0,1,5
BRDA:169,1,0,32
BRDA:169,1,1,1
BRDA:170,2,0,32
BRDA:170,2,1,1
BRDA:171,3,0,32
BRDA:171,3,1,1
BRDA:180,4,0,4
BRDA:180,4,1,2
BRDA:183,5,0,1
BRDA:183,5,1,1
BRDA:193,6,0,30
BRDA:193,6,1,7
BRDA:202,7,0,0
BRDA:202,7,1,14
BRDA:203,8,0,0
BRDA:203,8,1,0
BRDA:209,9,0,2
BRDA:209,9,1,12
BRDA:213,10,0,0
BRDA:213,10,1,5
BRDA:222,11,0,0
BRDA:222,11,1,2
BRDA:222,12,0,0
BRDA:222,12,1,0
BRDA:225,13,0,1
BRDA:225,13,1,1
BRDA:230,14,0,0
BRDA:230,14,1,5
BRDA:231,15,0,0
BRDA:231,15,1,0
BRDA:236,16,0,1
BRDA:236,16,1,4
BRDA:257,17,0,2
BRDA:257,17,1,1
BRDA:258,18,0,1
BRDA:258,18,1,2
BRDA:259,19,0,1
BRDA:259,19,1,2
BRDA:264,20,0,0
BRDA:264,20,1,5
BRDA:271,21,0,4
BRDA:271,21,1,1
BRDA:274,22,0,1
BRDA:274,22,1,3
BRDA:279,23,0,0
BRDA:279,23,1,0
BRF:48
BRH:35
end_of_record
TN:
SF:src\services\docIngestion.ts
FN:77,todayIso
FN:83,createDocIngestionService
FN:87,isDuplicate
FN:93,(anonymous_3)
FN:101,(anonymous_4)
FN:115,(anonymous_5)
FN:145,(anonymous_6)
FN:147,(anonymous_7)
FN:151,(anonymous_8)
FN:155,(anonymous_9)
FN:156,(anonymous_10)
FN:161,(anonymous_11)
FN:162,(anonymous_12)
FN:172,(anonymous_13)
FN:173,(anonymous_14)
FN:196,(anonymous_15)
FN:197,(anonymous_16)
FN:204,(anonymous_17)
FNF:18
FNH:18
FNDA:1,todayIso
FNDA:1,createDocIngestionService
FNDA:39,isDuplicate
FNDA:4,(anonymous_3)
FNDA:5,(anonymous_4)
FNDA:39,(anonymous_5)
FNDA:7,(anonymous_6)
FNDA:8,(anonymous_7)
FNDA:4,(anonymous_8)
FNDA:4,(anonymous_9)
FNDA:3,(anonymous_10)
FNDA:6,(anonymous_11)
FNDA:5,(anonymous_12)
FNDA:9,(anonymous_13)
FNDA:8,(anonymous_14)
FNDA:7,(anonymous_15)
FNDA:6,(anonymous_16)
FNDA:40,(anonymous_17)
DA:78,1
DA:84,1
DA:85,1
DA:93,39
DA:95,4
DA:99,39
DA:101,38
DA:103,5
DA:110,1
DA:116,39
DA:117,39
DA:118,39
DA:119,39
DA:121,39
DA:123,39
DA:140,39
DA:141,39
DA:146,7
DA:148,8
DA:151,4
DA:156,4
DA:157,4
DA:162,6
DA:163,6
DA:164,5
DA:165,5
DA:166,4
DA:167,3
DA:168,3
DA:173,9
DA:174,9
DA:175,8
DA:176,8
DA:177,7
DA:179,6
DA:191,6
DA:192,6
DA:197,7
DA:198,7
DA:199,6
DA:200,5
DA:205,40
DA:206,40
DA:211,1
LF:44
LH:44
BRDA:95,0,0,4
BRDA:95,0,1,3
BRDA:95,0,2,2
BRDA:99,1,0,1
BRDA:99,1,1,38
BRDA:103,2,0,5
BRDA:103,2,1,5
BRDA:103,2,2,4
BRDA:103,2,3,4
BRDA:115,3,0,39
BRDA:116,4,0,39
BRDA:116,4,1,1
BRDA:117,5,0,39
BRDA:117,5,1,1
BRDA:118,6,0,39
BRDA:118,6,1,1
BRDA:119,7,0,39
BRDA:119,7,1,1
BRDA:121,8,0,39
BRDA:121,8,1,39
BRDA:148,9,0,8
BRDA:148,9,1,6
BRDA:148,9,2,4
BRDA:157,10,0,3
BRDA:157,10,1,1
BRDA:163,11,0,1
BRDA:163,11,1,5
BRDA:165,12,0,1
BRDA:165,12,1,4
BRDA:166,13,0,1
BRDA:166,13,1,3
BRDA:174,14,0,1
BRDA:174,14,1,8
BRDA:176,15,0,1
BRDA:176,15,1,7
BRDA:177,16,0,1
BRDA:177,16,1,6
BRDA:198,17,0,1
BRDA:198,17,1,6
BRDA:199,18,0,1
BRDA:199,18,1,5
BRF:41
BRH:41
end_of_record
TN:
SF:src\services\fsbo.ts
FN:35,computeFsboReadiness
FN:62,computeAgentCommissionSavings
FN:68,createFsboService
FN:72,(anonymous_3)
FN:74,(anonymous_4)
FN:78,(anonymous_5)
FN:92,(anonymous_6)
FN:104,(anonymous_7)
FNF:8
FNH:3
FNDA:24,computeFsboReadiness
FNDA:7,computeAgentCommissionSavings
FNDA:1,createFsboService
FNDA:0,(anonymous_3)
FNDA:0,(anonymous_4)
FNDA:0,(anonymous_5)
FNDA:0,(anonymous_6)
FNDA:0,(anonymous_7)
DA:40,24
DA:42,24
DA:43,24
DA:45,24
DA:48,20
DA:49,20
DA:50,20
DA:51,20
DA:53,20
DA:55,18
DA:63,7
DA:69,1
DA:71,1
DA:72,0
DA:75,0
DA:79,0
DA:80,0
DA:88,0
DA:89,0
DA:93,0
DA:94,0
DA:96,0
DA:99,0
DA:100,0
DA:101,0
DA:105,0
DA:110,1
LF:27
LH:14
BRDA:42,0,0,3
BRDA:42,0,1,21
BRDA:43,1,0,3
BRDA:43,1,1,21
BRDA:45,2,0,4
BRDA:45,2,1,20
BRDA:49,3,0,17
BRDA:49,3,1,3
BRDA:50,4,0,1
BRDA:50,4,1,19
BRDA:51,5,0,18
BRDA:51,5,1,2
BRDA:53,6,0,2
BRDA:53,6,1,18
BRDA:75,7,0,0
BRDA:75,7,1,0
BRDA:84,8,0,0
BRDA:84,8,1,0
BRDA:85,9,0,0
BRDA:85,9,1,0
BRDA:86,10,0,0
BRDA:86,10,1,0
BRDA:94,11,0,0
BRDA:94,11,1,0
BRDA:96,12,0,0
BRDA:96,12,1,0
BRDA:97,13,0,0
BRDA:97,13,1,0
BRF:28
BRH:14
end_of_record
TN:
SF:src\services\job.ts
FN:8,(anonymous_0)
FN:152,fromJob
FN:180,unwrapJob
FN:189,createJobService
FN:198,getActor
FN:207,(anonymous_5)
FN:209,(anonymous_6)
FN:217,(anonymous_7)
FN:223,(anonymous_8)
FN:257,(anonymous_9)
FN:259,(anonymous_10)
FN:268,(anonymous_11)
FN:270,(anonymous_12)
FN:286,(anonymous_13)
FN:288,(anonymous_14)
FN:308,(anonymous_15)
FN:310,(anonymous_16)
FN:321,(anonymous_17)
FN:328,(anonymous_18)
FN:331,(anonymous_19)
FN:332,(anonymous_20)
FN:332,(anonymous_21)
FN:348,(anonymous_22)
FN:352,(anonymous_23)
FN:353,(anonymous_24)
FN:356,(anonymous_25)
FN:357,(anonymous_26)
FN:360,(anonymous_27)
FN:376,isInsuranceRelevant
FNF:29
FNH:25
FNDA:0,(anonymous_0)
FNDA:0,fromJob
FNDA:0,unwrapJob
FNDA:7,createJobService
FNDA:0,getActor
FNDA:2,(anonymous_5)
FNDA:3,(anonymous_6)
FNDA:71,(anonymous_7)
FNDA:21,(anonymous_8)
FNDA:2,(anonymous_9)
FNDA:1,(anonymous_10)
FNDA:5,(anonymous_11)
FNDA:4,(anonymous_12)
FNDA:11,(anonymous_13)
FNDA:17,(anonymous_14)
FNDA:2,(anonymous_15)
FNDA:1,(anonymous_16)
FNDA:1,(anonymous_17)
FNDA:5,(anonymous_18)
FNDA:9,(anonymous_19)
FNDA:8,(anonymous_20)
FNDA:8,(anonymous_21)
FNDA:2,(anonymous_22)
FNDA:3,(anonymous_23)
FNDA:4,(anonymous_24)
FNDA:3,(anonymous_25)
FNDA:8,(anonymous_26)
FNDA:20,(anonymous_27)
FNDA:9,isInsuranceRelevant
DA:4,7
DA:8,7
DA:9,0
DA:19,0
DA:25,0
DA:45,0
DA:51,0
DA:145,7
DA:153,0
DA:154,0
DA:156,0
DA:158,0
DA:181,0
DA:182,0
DA:183,0
DA:184,0
DA:192,7
DA:196,7
DA:199,0
DA:200,0
DA:201,0
DA:203,0
DA:206,7
DA:208,2
DA:209,3
DA:211,0
DA:212,0
DA:213,0
DA:214,0
DA:218,71
DA:220,0
DA:224,21
DA:225,21
DA:237,21
DA:238,21
DA:240,0
DA:241,0
DA:242,0
DA:254,0
DA:258,2
DA:259,2
DA:260,2
DA:261,1
DA:262,1
DA:265,0
DA:269,5
DA:270,5
DA:271,5
DA:272,4
DA:273,4
DA:275,0
DA:281,0
DA:282,0
DA:283,0
DA:287,11
DA:288,17
DA:289,11
DA:290,10
DA:291,10
DA:292,10
DA:293,11
DA:294,11
DA:301,11
DA:303,0
DA:304,0
DA:305,0
DA:309,2
DA:310,2
DA:311,2
DA:312,1
DA:313,1
DA:315,0
DA:316,0
DA:317,0
DA:318,0
DA:322,1
DA:323,0
DA:324,0
DA:325,0
DA:329,5
DA:330,5
DA:331,9
DA:332,8
DA:333,5
DA:339,0
DA:340,0
DA:341,0
DA:349,2
DA:353,4
DA:357,8
DA:361,20
DA:362,20
DA:367,7
DA:372,7
DA:377,9
LF:95
LH:51
BRDA:4,0,0,7
BRDA:4,0,1,7
BRDA:162,1,0,0
BRDA:162,1,1,0
BRDA:164,2,0,0
BRDA:164,2,1,0
BRDA:169,3,0,0
BRDA:169,3,1,0
BRDA:170,4,0,0
BRDA:170,4,1,0
BRDA:171,5,0,0
BRDA:171,5,1,0
BRDA:181,6,0,0
BRDA:181,6,1,0
BRDA:184,7,0,0
BRDA:184,7,1,0
BRDA:192,8,0,0
BRDA:192,8,1,7
BRDA:192,9,0,7
BRDA:192,9,1,7
BRDA:199,10,0,0
BRDA:199,10,1,0
BRDA:208,11,0,2
BRDA:208,11,1,0
BRDA:213,12,0,0
BRDA:213,12,1,0
BRDA:218,13,0,71
BRDA:218,13,1,0
BRDA:224,14,0,21
BRDA:224,14,1,0
BRDA:228,15,0,21
BRDA:228,15,1,21
BRDA:228,15,2,21
BRDA:247,16,0,0
BRDA:247,16,1,0
BRDA:250,17,0,0
BRDA:250,17,1,0
BRDA:251,18,0,0
BRDA:251,18,1,0
BRDA:258,19,0,2
BRDA:258,19,1,0
BRDA:260,20,0,1
BRDA:260,20,1,1
BRDA:269,21,0,5
BRDA:269,21,1,0
BRDA:271,22,0,1
BRDA:271,22,1,4
BRDA:287,23,0,11
BRDA:287,23,1,0
BRDA:289,24,0,1
BRDA:289,24,1,10
BRDA:292,25,0,10
BRDA:292,25,1,1
BRDA:293,26,0,11
BRDA:293,26,1,10
BRDA:299,27,0,9
BRDA:299,27,1,1
BRDA:309,28,0,2
BRDA:309,28,1,0
BRDA:311,29,0,1
BRDA:311,29,1,1
BRDA:322,30,0,1
BRDA:322,30,1,0
BRDA:329,31,0,5
BRDA:329,31,1,0
BRDA:331,32,0,9
BRDA:331,32,1,9
BRDA:336,33,0,5
BRDA:336,33,1,2
BRF:69
BRH:35
end_of_record
TN:
SF:src\services\listing.ts
FN:8,(anonymous_0)
FN:298,computeNetProceeds
FN:309,formatCommission
FN:314,isDeadlinePassed
FN:319,initMilestones
FN:320,(anonymous_5)
FN:326,computeOfferDeltas
FN:338,computeAgentPerformanceScore
FN:343,(anonymous_8)
FN:354,fromRawRequest
FN:371,fromRawProposal
FN:395,createListingService
FN:406,getActor
FN:414,(anonymous_13)
FN:427,(anonymous_14)
FN:459,(anonymous_15)
FN:469,(anonymous_16)
FN:471,(anonymous_17)
FN:480,(anonymous_18)
FN:482,(anonymous_19)
FN:495,(anonymous_20)
FN:497,(anonymous_21)
FN:509,(anonymous_22)
FN:511,(anonymous_23)
FN:556,(anonymous_24)
FN:558,(anonymous_25)
FN:561,(anonymous_26)
FN:569,(anonymous_27)
FN:579,(anonymous_28)
FN:581,(anonymous_29)
FN:589,(anonymous_30)
FN:590,(anonymous_31)
FN:593,(anonymous_32)
FN:604,(anonymous_33)
FN:606,(anonymous_34)
FN:616,(anonymous_35)
FN:618,(anonymous_36)
FN:637,(anonymous_37)
FN:639,(anonymous_38)
FN:648,(anonymous_39)
FN:650,(anonymous_40)
FN:656,(anonymous_41)
FN:658,(anonymous_42)
FN:659,(anonymous_43)
FN:665,(anonymous_44)
FN:671,(anonymous_45)
FN:674,(anonymous_46)
FN:682,(anonymous_47)
FN:684,(anonymous_48)
FN:709,(anonymous_49)
FN:711,(anonymous_50)
FN:724,(anonymous_51)
FN:732,(anonymous_52)
FN:734,(anonymous_53)
FN:737,(anonymous_54)
FN:739,(anonymous_55)
FN:740,(anonymous_56)
FN:767,(anonymous_57)
FN:769,(anonymous_58)
FN:775,(anonymous_59)
FNF:60
FNH:24
FNDA:0,(anonymous_0)
FNDA:6,computeNetProceeds
FNDA:5,formatCommission
FNDA:27,isDeadlinePassed
FNDA:0,initMilestones
FNDA:0,(anonymous_5)
FNDA:0,computeOfferDeltas
FNDA:0,computeAgentPerformanceScore
FNDA:0,(anonymous_8)
FNDA:0,fromRawRequest
FNDA:0,fromRawProposal
FNDA:41,createListingService
FNDA:0,getActor
FNDA:0,(anonymous_13)
FNDA:33,(anonymous_14)
FNDA:6,(anonymous_15)
FNDA:5,(anonymous_16)
FNDA:3,(anonymous_17)
FNDA:7,(anonymous_18)
FNDA:7,(anonymous_19)
FNDA:4,(anonymous_20)
FNDA:4,(anonymous_21)
FNDA:21,(anonymous_22)
FNDA:20,(anonymous_23)
FNDA:4,(anonymous_24)
FNDA:3,(anonymous_25)
FNDA:4,(anonymous_26)
FNDA:4,(anonymous_27)
FNDA:5,(anonymous_28)
FNDA:4,(anonymous_29)
FNDA:6,(anonymous_30)
FNDA:2,(anonymous_31)
FNDA:4,(anonymous_32)
FNDA:0,(anonymous_33)
FNDA:0,(anonymous_34)
FNDA:0,(anonymous_35)
FNDA:0,(anonymous_36)
FNDA:0,(anonymous_37)
FNDA:0,(anonymous_38)
FNDA:0,(anonymous_39)
FNDA:0,(anonymous_40)
FNDA:0,(anonymous_41)
FNDA:0,(anonymous_42)
FNDA:0,(anonymous_43)
FNDA:0,(anonymous_44)
FNDA:0,(anonymous_45)
FNDA:0,(anonymous_46)
FNDA:0,(anonymous_47)
FNDA:0,(anonymous_48)
FNDA:0,(anonymous_49)
FNDA:0,(anonymous_50)
FNDA:0,(anonymous_51)
FNDA:0,(anonymous_52)
FNDA:0,(anonymous_53)
FNDA:0,(anonymous_54)
FNDA:0,(anonymous_55)
FNDA:0,(anonymous_56)
FNDA:9,(anonymous_57)
FNDA:0,(anonymous_58)
FNDA:0,(anonymous_59)
DA:4,41
DA:8,41
DA:9,0
DA:12,0
DA:15,0
DA:26,0
DA:43,0
DA:47,0
DA:150,41
DA:303,6
DA:304,6
DA:305,6
DA:310,5
DA:315,27
DA:320,0
DA:331,0
DA:343,0
DA:344,0
DA:345,0
DA:346,0
DA:347,0
DA:348,0
DA:349,0
DA:355,0
DA:356,0
DA:372,0
DA:373,0
DA:396,41
DA:397,41
DA:398,41
DA:399,41
DA:400,41
DA:401,41
DA:402,41
DA:403,41
DA:404,41
DA:407,0
DA:408,0
DA:409,0
DA:410,0
DA:413,41
DA:415,0
DA:416,0
DA:417,0
DA:418,0
DA:419,0
DA:420,0
DA:421,0
DA:422,0
DA:423,0
DA:428,33
DA:429,33
DA:443,33
DA:444,33
DA:446,0
DA:447,0
DA:454,0
DA:455,0
DA:460,6
DA:461,6
DA:463,0
DA:464,0
DA:465,0
DA:470,5
DA:471,5
DA:473,0
DA:474,0
DA:475,0
DA:476,0
DA:481,7
DA:482,7
DA:483,7
DA:484,6
DA:485,5
DA:486,5
DA:488,0
DA:489,0
DA:490,0
DA:496,4
DA:497,4
DA:498,4
DA:503,0
DA:504,0
DA:505,0
DA:510,21
DA:511,21
DA:512,21
DA:513,20
DA:515,19
DA:517,19
DA:535,21
DA:536,21
DA:538,0
DA:539,0
DA:550,0
DA:551,0
DA:557,4
DA:558,4
DA:559,4
DA:560,3
DA:561,4
DA:563,0
DA:564,0
DA:565,0
DA:570,4
DA:571,4
DA:573,0
DA:574,0
DA:575,0
DA:580,5
DA:581,5
DA:582,5
DA:585,4
DA:588,4
DA:589,6
DA:590,2
DA:593,4
DA:594,4
DA:596,4
DA:598,0
DA:599,0
DA:600,0
DA:605,0
DA:606,0
DA:607,0
DA:608,0
DA:609,0
DA:612,0
DA:617,0
DA:618,0
DA:619,0
DA:620,0
DA:630,0
DA:631,0
DA:633,0
DA:638,0
DA:639,0
DA:640,0
DA:641,0
DA:642,0
DA:644,0
DA:649,0
DA:650,0
DA:652,0
DA:657,0
DA:658,0
DA:659,0
DA:661,0
DA:670,0
DA:671,0
DA:672,0
DA:673,0
DA:674,0
DA:675,0
DA:676,0
DA:678,0
DA:683,0
DA:684,0
DA:685,0
DA:686,0
DA:691,0
DA:701,0
DA:702,0
DA:703,0
DA:705,0
DA:710,0
DA:711,0
DA:712,0
DA:713,0
DA:721,0
DA:723,0
DA:724,0
DA:725,0
DA:726,0
DA:728,0
DA:733,0
DA:734,0
DA:735,0
DA:736,0
DA:737,0
DA:738,0
DA:739,0
DA:740,0
DA:741,0
DA:742,0
DA:747,0
DA:759,0
DA:760,0
DA:761,0
DA:763,0
DA:768,9
DA:769,9
DA:771,0
DA:776,0
DA:777,0
DA:778,0
DA:792,0
DA:793,0
DA:795,0
DA:800,41
LF:200
LH:63
BRDA:4,0,0,41
BRDA:4,0,1,41
BRDA:332,1,0,0
BRDA:332,1,1,0
BRDA:333,2,0,0
BRDA:333,2,1,0
BRDA:361,3,0,0
BRDA:361,3,1,0
BRDA:407,4,0,0
BRDA:407,4,1,0
BRDA:428,5,0,33
BRDA:428,5,1,0
BRDA:440,6,0,33
BRDA:440,6,1,33
BRDA:441,7,0,33
BRDA:441,7,1,33
BRDA:450,8,0,0
BRDA:450,8,1,0
BRDA:454,9,0,0
BRDA:454,9,1,0
BRDA:460,10,0,6
BRDA:460,10,1,0
BRDA:470,11,0,5
BRDA:470,11,1,0
BRDA:471,12,0,5
BRDA:471,12,1,2
BRDA:475,13,0,0
BRDA:475,13,1,0
BRDA:481,14,0,7
BRDA:481,14,1,0
BRDA:483,15,0,1
BRDA:483,15,1,6
BRDA:484,16,0,1
BRDA:484,16,1,5
BRDA:490,17,0,0
BRDA:490,17,1,0
BRDA:495,18,0,4
BRDA:496,19,0,4
BRDA:496,19,1,0
BRDA:498,20,0,4
BRDA:498,20,1,2
BRDA:498,20,2,1
BRDA:498,20,3,0
BRDA:510,21,0,21
BRDA:510,21,1,0
BRDA:512,22,0,1
BRDA:512,22,1,20
BRDA:513,23,0,1
BRDA:513,23,1,19
BRDA:515,24,0,0
BRDA:515,24,1,19
BRDA:533,25,0,0
BRDA:533,25,1,19
BRDA:550,26,0,0
BRDA:550,26,1,0
BRDA:557,27,0,4
BRDA:557,27,1,0
BRDA:559,28,0,1
BRDA:559,28,1,3
BRDA:560,29,0,1
BRDA:560,29,1,2
BRDA:570,30,0,4
BRDA:570,30,1,0
BRDA:580,31,0,5
BRDA:580,31,1,0
BRDA:582,32,0,1
BRDA:582,32,1,4
BRDA:589,33,0,6
BRDA:589,33,1,6
BRDA:594,34,0,4
BRDA:594,34,1,0
BRDA:600,35,0,0
BRDA:600,35,1,0
BRDA:605,36,0,0
BRDA:605,36,1,0
BRDA:607,37,0,0
BRDA:607,37,1,0
BRDA:617,38,0,0
BRDA:617,38,1,0
BRDA:619,39,0,0
BRDA:619,39,1,0
BRDA:638,40,0,0
BRDA:638,40,1,0
BRDA:640,41,0,0
BRDA:640,41,1,0
BRDA:641,42,0,0
BRDA:641,42,1,0
BRDA:649,43,0,0
BRDA:649,43,1,0
BRDA:657,44,0,0
BRDA:657,44,1,0
BRDA:670,45,0,0
BRDA:670,45,1,0
BRDA:672,46,0,0
BRDA:672,46,1,0
BRDA:673,47,0,0
BRDA:673,47,1,0
BRDA:675,48,0,0
BRDA:675,48,1,0
BRDA:676,49,0,0
BRDA:676,49,1,0
BRDA:683,50,0,0
BRDA:683,50,1,0
BRDA:685,51,0,0
BRDA:685,51,1,0
BRDA:701,52,0,0
BRDA:701,52,1,0
BRDA:710,53,0,0
BRDA:710,53,1,0
BRDA:712,54,0,0
BRDA:712,54,1,0
BRDA:723,55,0,0
BRDA:723,55,1,0
BRDA:725,56,0,0
BRDA:725,56,1,0
BRDA:725,57,0,0
BRDA:725,57,1,0
BRDA:733,58,0,0
BRDA:733,58,1,0
BRDA:735,59,0,0
BRDA:735,59,1,0
BRDA:736,60,0,0
BRDA:736,60,1,0
BRDA:737,61,0,0
BRDA:737,61,1,0
BRDA:738,62,0,0
BRDA:738,62,1,0
BRDA:739,63,0,0
BRDA:739,63,1,0
BRDA:740,64,0,0
BRDA:740,64,1,0
BRDA:768,65,0,9
BRDA:768,65,1,0
BRDA:776,66,0,0
BRDA:776,66,1,0
BRF:135
BRH:41
end_of_record
TN:
SF:src\services\maintenance.ts
FN:15,(anonymous_0)
FN:48,fromEntry
FN:115,getMaterialMultiplier
FN:207,getClimateZone
FN:304,currentYear
FN:308,urgencyFor
FN:322,recommendationFor
FN:341,predictMaintenance
FN:397,(anonymous_8)
FN:399,(anonymous_9)
FN:400,(anonymous_10)
FN:417,createMaintenanceService
FN:422,getActor
FN:431,(anonymous_13)
FN:435,(anonymous_14)
FN:468,(anonymous_15)
FN:470,(anonymous_16)
FN:476,(anonymous_17)
FN:491,(anonymous_18)
FN:496,(anonymous_19)
FN:538,(anonymous_20)
FN:542,(anonymous_21)
FN:551,(anonymous_22)
FN:560,(anonymous_23)
FNF:24
FNH:13
FNDA:0,(anonymous_0)
FNDA:0,fromEntry
FNDA:384,getMaterialMultiplier
FNDA:2,getClimateZone
FNDA:42,currentYear
FNDA:378,urgencyFor
FNDA:378,recommendationFor
FNDA:42,predictMaintenance
FNDA:690,(anonymous_8)
FNDA:420,(anonymous_9)
FNDA:420,(anonymous_10)
FNDA:6,createMaintenanceService
FNDA:0,getActor
FNDA:0,(anonymous_13)
FNDA:0,(anonymous_14)
FNDA:0,(anonymous_15)
FNDA:0,(anonymous_16)
FNDA:0,(anonymous_17)
FNDA:0,(anonymous_18)
FNDA:0,(anonymous_19)
FNDA:4,(anonymous_20)
FNDA:4,(anonymous_21)
FNDA:4,(anonymous_22)
FNDA:0,(anonymous_23)
DA:11,6
DA:15,6
DA:16,0
DA:28,0
DA:33,0
DA:49,0
DA:73,6
DA:116,384
DA:133,6
DA:190,6
DA:208,2
DA:209,2
DA:277,6
DA:289,6
DA:305,42
DA:309,378
DA:310,203
DA:311,164
DA:312,81
DA:315,6
DA:327,378
DA:328,378
DA:329,378
DA:331,175
DA:333,39
DA:335,83
DA:337,81
DA:348,42
DA:349,42
DA:350,42
DA:351,42
DA:352,42
DA:354,42
DA:356,378
DA:357,378
DA:358,63
DA:359,63
DA:360,5
DA:365,378
DA:366,378
DA:367,378
DA:368,378
DA:370,378
DA:371,378
DA:372,378
DA:373,378
DA:375,378
DA:390,378
DA:391,214
DA:392,214
DA:397,690
DA:399,420
DA:400,420
DA:402,42
DA:418,6
DA:419,6
DA:420,6
DA:423,0
DA:424,0
DA:425,0
DA:427,0
DA:430,6
DA:432,0
DA:443,0
DA:444,0
DA:445,0
DA:450,0
DA:451,0
DA:453,0
DA:454,0
DA:462,0
DA:463,0
DA:464,0
DA:465,0
DA:469,0
DA:470,0
DA:472,0
DA:473,0
DA:477,0
DA:478,0
DA:479,0
DA:480,0
DA:481,0
DA:482,0
DA:484,0
DA:485,0
DA:486,0
DA:487,0
DA:492,0
DA:501,0
DA:503,0
DA:509,0
DA:510,0
DA:513,0
DA:514,0
DA:515,0
DA:517,0
DA:518,0
DA:519,0
DA:520,0
DA:521,0
DA:522,0
DA:523,0
DA:524,0
DA:525,0
DA:526,0
DA:527,0
DA:528,0
DA:529,0
DA:530,0
DA:539,4
DA:543,4
DA:544,1
DA:545,1
DA:546,1
DA:547,1
DA:552,4
DA:553,1
DA:554,1
DA:555,1
DA:556,1
DA:561,0
DA:562,0
DA:563,0
DA:568,6
LF:125
LH:66
BRDA:11,0,0,6
BRDA:11,0,1,6
BRDA:55,1,0,0
BRDA:55,1,1,0
BRDA:56,2,0,0
BRDA:56,2,1,0
BRDA:116,3,0,384
BRDA:116,3,1,374
BRDA:209,4,0,2
BRDA:209,4,1,0
BRDA:309,5,0,175
BRDA:309,5,1,203
BRDA:310,6,0,39
BRDA:310,6,1,164
BRDA:311,7,0,83
BRDA:311,7,1,81
BRDA:329,8,0,175
BRDA:329,8,1,39
BRDA:329,8,2,83
BRDA:329,8,3,81
BRDA:344,9,0,42
BRDA:346,10,0,42
BRDA:349,11,0,2
BRDA:349,11,1,40
BRDA:356,12,0,378
BRDA:356,12,1,368
BRDA:359,13,0,5
BRDA:359,13,1,58
BRDA:359,14,0,63
BRDA:359,14,1,7
BRDA:365,15,0,378
BRDA:365,15,1,368
BRDA:366,16,0,378
BRDA:366,16,1,370
BRDA:390,17,0,214
BRDA:390,17,1,164
BRDA:390,18,0,378
BRDA:390,18,1,203
BRDA:423,19,0,0
BRDA:423,19,1,0
BRDA:443,20,0,0
BRDA:443,20,1,0
BRDA:459,21,0,0
BRDA:459,21,1,0
BRDA:460,22,0,0
BRDA:460,22,1,0
BRDA:462,23,0,0
BRDA:462,23,1,0
BRDA:465,24,0,0
BRDA:465,24,1,0
BRDA:469,25,0,0
BRDA:469,25,1,0
BRDA:477,26,0,0
BRDA:477,26,1,0
BRDA:479,27,0,0
BRDA:479,27,1,0
BRDA:486,28,0,0
BRDA:486,28,1,0
BRDA:501,29,0,0
BRDA:501,29,1,0
BRDA:509,30,0,0
BRDA:509,30,1,0
BRDA:509,31,0,0
BRDA:509,31,1,0
BRDA:519,32,0,0
BRDA:519,32,1,0
BRDA:522,33,0,0
BRDA:522,33,1,0
BRDA:524,34,0,0
BRDA:524,34,1,0
BRDA:526,35,0,0
BRDA:526,35,1,0
BRDA:529,36,0,0
BRDA:529,36,1,0
BRDA:530,37,0,0
BRDA:530,37,1,0
BRDA:543,38,0,1
BRDA:543,38,1,1
BRDA:543,38,2,1
BRDA:543,38,3,1
BRDA:552,39,0,1
BRDA:552,39,1,1
BRDA:552,39,2,1
BRDA:552,39,3,1
BRF:84
BRH:41
end_of_record
TN:
SF:src\services\market.ts
FN:76,jobToSummary
FN:88,buildPropertySummary
FN:105,maintenanceScore
FN:112,(anonymous_3)
FN:125,modernizationScore
FN:139,(anonymous_5)
FN:148,verificationDepth
FN:150,(anonymous_7)
FN:153,composite
FN:157,grade
FN:165,detail
FN:189,stateMultiplier
FN:196,(anonymous_12)
FN:205,(anonymous_13)
FN:212,(anonymous_14)
FN:239,(anonymous_15)
FN:254,(anonymous_16)
FN:287,(anonymous_17)
FN:291,(anonymous_18)
FN:396,getPriceRange
FN:402,(anonymous_20)
FN:410,(anonymous_21)
FN:410,(anonymous_22)
FN:422,(anonymous_23)
FN:435,(anonymous_24)
FNF:25
FNH:17
FNDA:0,jobToSummary
FNDA:0,buildPropertySummary
FNDA:15,maintenanceScore
FNDA:131,(anonymous_3)
FNDA:15,modernizationScore
FNDA:131,(anonymous_5)
FNDA:15,verificationDepth
FNDA:31,(anonymous_7)
FNDA:15,composite
FNDA:52,grade
FNDA:39,detail
FNDA:9,stateMultiplier
FNDA:13,(anonymous_12)
FNDA:2,(anonymous_13)
FNDA:2,(anonymous_14)
FNDA:9,(anonymous_15)
FNDA:18,(anonymous_16)
FNDA:123,(anonymous_17)
FNDA:3,(anonymous_18)
FNDA:0,getPriceRange
FNDA:0,(anonymous_20)
FNDA:0,(anonymous_21)
FNDA:0,(anonymous_22)
FNDA:0,(anonymous_23)
FNDA:0,(anonymous_24)
DA:77,0
DA:78,0
DA:92,0
DA:106,15
DA:110,15
DA:111,15
DA:112,90
DA:113,131
DA:117,90
DA:118,30
DA:119,30
DA:122,15
DA:126,15
DA:127,15
DA:135,15
DA:136,15
DA:137,15
DA:138,90
DA:139,131
DA:140,90
DA:141,90
DA:142,90
DA:143,90
DA:145,15
DA:149,15
DA:150,31
DA:154,15
DA:158,52
DA:159,38
DA:160,36
DA:161,33
DA:162,32
DA:166,39
DA:167,28
DA:168,26
DA:169,24
DA:170,23
DA:173,1
DA:185,1
DA:190,9
DA:191,8
DA:192,8
DA:195,1
DA:200,13
DA:201,13
DA:202,13
DA:203,13
DA:205,13
DA:206,2
DA:212,13
DA:214,13
DA:215,13
DA:216,13
DA:217,13
DA:218,13
DA:219,13
DA:220,13
DA:221,13
DA:222,13
DA:223,0
DA:226,13
DA:244,9
DA:245,9
DA:246,9
DA:248,9
DA:250,9
DA:251,81
DA:253,77
DA:254,81
DA:255,18
DA:257,81
DA:259,76
DA:260,76
DA:262,70
DA:263,70
DA:265,70
DA:266,70
DA:267,70
DA:269,81
DA:270,81
DA:271,81
DA:272,81
DA:274,81
DA:287,123
DA:292,3
DA:314,1
DA:381,1
DA:402,0
DA:404,0
DA:409,0
DA:410,0
DA:411,0
DA:412,0
DA:413,0
DA:414,0
DA:415,0
DA:418,0
DA:421,0
DA:422,0
DA:423,0
DA:424,0
DA:435,0
DA:436,0
DA:438,0
DA:439,0
LF:105
LH:83
BRDA:77,0,0,0
BRDA:77,0,1,0
BRDA:113,1,0,31
BRDA:113,1,1,100
BRDA:117,2,0,30
BRDA:117,2,1,60
BRDA:118,3,0,29
BRDA:118,3,1,1
BRDA:118,4,0,1
BRDA:118,4,1,0
BRDA:140,5,0,27
BRDA:140,5,1,63
BRDA:142,6,0,43
BRDA:142,6,1,47
BRDA:145,7,0,0
BRDA:145,7,1,15
BRDA:149,8,0,5
BRDA:149,8,1,10
BRDA:158,9,0,14
BRDA:158,9,1,38
BRDA:159,10,0,2
BRDA:159,10,1,36
BRDA:160,11,0,3
BRDA:160,11,1,33
BRDA:161,12,0,1
BRDA:161,12,1,32
BRDA:166,13,0,11
BRDA:166,13,1,28
BRDA:167,14,0,2
BRDA:167,14,1,26
BRDA:168,15,0,2
BRDA:168,15,1,24
BRDA:169,16,0,1
BRDA:169,16,1,23
BRDA:190,17,0,1
BRDA:190,17,1,8
BRDA:191,18,0,0
BRDA:191,18,1,8
BRDA:216,19,0,3
BRDA:216,19,1,10
BRDA:217,20,0,3
BRDA:217,20,1,10
BRDA:218,21,0,7
BRDA:218,21,1,6
BRDA:219,22,0,9
BRDA:219,22,1,4
BRDA:220,23,0,9
BRDA:220,23,1,4
BRDA:221,24,0,5
BRDA:221,24,1,8
BRDA:222,25,0,0
BRDA:222,25,1,13
BRDA:222,26,0,13
BRDA:222,26,1,6
BRDA:251,27,0,4
BRDA:251,27,1,77
BRDA:253,28,0,77
BRDA:253,28,1,44
BRDA:255,29,0,18
BRDA:255,29,1,2
BRDA:257,30,0,1
BRDA:257,30,1,80
BRDA:260,31,0,6
BRDA:260,31,1,70
BRDA:260,32,0,76
BRDA:260,32,1,9
BRDA:267,33,0,38
BRDA:267,33,1,32
BRDA:267,34,0,70
BRDA:267,34,1,65
BRDA:267,35,0,30
BRDA:267,35,1,2
BRDA:267,36,0,32
BRDA:267,36,1,5
BRDA:269,37,0,70
BRDA:269,37,1,0
BRDA:271,38,0,9
BRDA:271,38,1,61
BRDA:404,39,0,0
BRDA:404,39,1,0
BRDA:404,39,2,0
BRDA:404,39,3,0
BRDA:404,39,4,0
BRDA:409,40,0,0
BRDA:409,40,1,0
BRDA:418,41,0,0
BRDA:418,41,1,0
BRDA:421,42,0,0
BRDA:421,42,1,0
BRDA:423,43,0,0
BRDA:423,43,1,0
BRDA:436,44,0,0
BRDA:436,44,1,0
BRF:93
BRH:71
end_of_record
TN:
SF:src\services\neighborhood.ts
FN:53,getPercentileRank
FN:81,hashStr
FN:90,lcg
FN:93,(anonymous_3)
FN:97,(anonymous_4)
FN:103,buildMockStats
FN:113,(anonymous_6)
FN:118,(anonymous_7)
FN:120,(anonymous_8)
FN:122,(anonymous_9)
FN:125,(anonymous_10)
FN:147,(anonymous_11)
FN:172,createNeighborhoodService
FN:180,(anonymous_13)
FN:197,(anonymous_14)
FN:202,(anonymous_15)
FNF:16
FNH:16
FNDA:12,getPercentileRank
FNDA:28,hashStr
FNDA:28,lcg
FNDA:467,(anonymous_3)
FNDA:112,(anonymous_4)
FNDA:28,buildMockStats
FNDA:140,(anonymous_6)
FNDA:140,(anonymous_7)
FNDA:140,(anonymous_8)
FNDA:140,(anonymous_9)
FNDA:140,(anonymous_10)
FNDA:355,(anonymous_11)
FNDA:1,createNeighborhoodService
FNDA:31,(anonymous_13)
FNDA:4,(anonymous_14)
FNDA:27,(anonymous_15)
DA:14,1
DA:54,12
DA:55,11
DA:57,10
DA:58,10
DA:60,10
DA:61,39
DA:62,39
DA:63,29
DA:64,29
DA:67,10
DA:68,10
DA:69,10
DA:72,10
DA:77,1
DA:78,1
DA:82,28
DA:83,28
DA:84,140
DA:86,28
DA:91,28
DA:92,28
DA:94,467
DA:95,467
DA:98,112
DA:104,28
DA:106,28
DA:107,28
DA:111,28
DA:113,28
DA:114,140
DA:115,140
DA:116,140
DA:118,140
DA:120,140
DA:122,140
DA:123,28
DA:125,140
DA:133,28
DA:134,28
DA:135,28
DA:136,28
DA:137,105
DA:138,105
DA:139,28
DA:140,28
DA:141,28
DA:143,77
DA:147,355
DA:148,28
DA:150,28
DA:151,28
DA:152,28
DA:158,28
DA:173,1
DA:175,1
DA:181,31
DA:183,28
DA:188,28
DA:189,28
DA:190,28
DA:198,4
DA:199,4
DA:203,27
DA:208,1
LF:65
LH:65
BRDA:14,0,0,1
BRDA:14,0,1,1
BRDA:54,1,0,1
BRDA:54,1,1,11
BRDA:55,2,0,1
BRDA:55,2,1,10
BRDA:62,3,0,29
BRDA:62,3,1,10
BRDA:138,4,0,28
BRDA:138,4,1,77
BRDA:154,5,0,5
BRDA:154,5,1,23
BRDA:155,6,0,2
BRDA:155,6,1,21
BRDA:181,7,0,3
BRDA:181,7,1,28
BRDA:183,8,0,0
BRDA:183,8,1,28
BRF:18
BRH:17
end_of_record
TN:
SF:src\services\notifications.ts
FN:13,isNewSince
FN:21,countNew
FN:25,(anonymous_2)
FN:32,hasQuoteActivity
FN:40,pendingQuoteCount
FN:43,(anonymous_5)
FNF:6
FNH:6
FNDA:17,isNewSince
FNDA:6,countNew
FNDA:11,(anonymous_2)
FNDA:14,hasQuoteActivity
FNDA:4,pendingQuoteCount
FNDA:9,(anonymous_5)
DA:14,17
DA:15,13
DA:25,11
DA:33,14
DA:43,9
LF:5
LH:5
BRDA:14,0,0,4
BRDA:14,0,1,13
BRF:2
BRH:2
end_of_record
TN:
SF:src\services\payment.ts
FN:8,(anonymous_0)
FN:122,getActor
FN:133,(anonymous_2)
FN:143,(anonymous_3)
FN:158,(anonymous_4)
FN:163,(anonymous_5)
FN:167,(anonymous_6)
FN:172,(anonymous_7)
FN:176,(anonymous_8)
FN:188,(anonymous_9)
FN:193,(anonymous_10)
FN:194,(anonymous_11)
FN:197,(anonymous_12)
FNF:13
FNH:6
FNDA:0,(anonymous_0)
FNDA:0,getActor
FNDA:3,(anonymous_2)
FNDA:5,(anonymous_3)
FNDA:3,(anonymous_4)
FNDA:0,(anonymous_5)
FNDA:0,(anonymous_6)
FNDA:0,(anonymous_7)
FNDA:0,(anonymous_8)
FNDA:3,(anonymous_9)
FNDA:9,(anonymous_10)
FNDA:24,(anonymous_11)
FNDA:0,(anonymous_12)
DA:4,1
DA:8,1
DA:9,0
DA:12,0
DA:18,0
DA:23,0
DA:51,1
DA:120,1
DA:123,0
DA:124,0
DA:125,0
DA:127,0
DA:132,1
DA:134,3
DA:135,0
DA:136,0
DA:137,0
DA:138,0
DA:139,0
DA:144,5
DA:145,0
DA:146,0
DA:147,0
DA:148,0
DA:149,0
DA:150,0
DA:151,0
DA:159,3
DA:160,3
DA:164,0
DA:168,0
DA:169,0
DA:173,0
DA:177,0
DA:178,0
DA:179,0
DA:180,0
DA:181,0
DA:182,0
DA:184,0
DA:185,0
DA:189,3
DA:190,3
DA:194,24
DA:198,0
LF:45
LH:12
BRDA:4,0,0,1
BRDA:4,0,1,1
BRDA:123,1,0,0
BRDA:123,1,1,0
BRDA:134,2,0,3
BRDA:134,2,1,0
BRDA:137,3,0,0
BRDA:137,3,1,0
BRDA:144,4,0,5
BRDA:144,4,1,0
BRDA:147,5,0,0
BRDA:147,5,1,0
BRDA:153,6,0,0
BRDA:153,6,1,0
BRDA:178,7,0,0
BRDA:178,7,1,0
BRDA:180,8,0,0
BRDA:180,8,1,0
BRDA:194,9,0,9
BRDA:194,9,1,1
BRF:20
BRH:6
end_of_record
TN:
SF:src\services\photo.ts
FN:8,(anonymous_0)
FN:76,fromPhoto
FN:94,computeHash
FN:101,(anonymous_3)
FN:106,createPhotoService
FN:110,getActor
FN:119,(anonymous_6)
FN:162,(anonymous_7)
FN:163,(anonymous_8)
FN:168,(anonymous_9)
FN:169,(anonymous_10)
FN:174,(anonymous_11)
FN:175,(anonymous_12)
FN:181,(anonymous_13)
FN:191,(anonymous_14)
FN:202,(anonymous_15)
FN:206,(anonymous_16)
FNF:17
FNH:14
FNDA:0,(anonymous_0)
FNDA:0,fromPhoto
FNDA:38,computeHash
FNDA:1216,(anonymous_3)
FNDA:1,createPhotoService
FNDA:0,getActor
FNDA:38,(anonymous_6)
FNDA:4,(anonymous_7)
FNDA:4,(anonymous_8)
FNDA:3,(anonymous_9)
FNDA:2,(anonymous_10)
FNDA:6,(anonymous_11)
FNDA:5,(anonymous_12)
FNDA:10,(anonymous_13)
FNDA:1,(anonymous_14)
FNDA:3,(anonymous_15)
FNDA:32,(anonymous_16)
DA:4,1
DA:8,1
DA:9,0
DA:15,0
DA:29,0
DA:36,0
DA:77,0
DA:78,0
DA:79,0
DA:80,0
DA:95,38
DA:98,38
DA:99,38
DA:100,38
DA:101,1216
DA:107,1
DA:108,1
DA:111,0
DA:112,0
DA:113,0
DA:115,0
DA:118,1
DA:126,38
DA:128,38
DA:129,38
DA:141,38
DA:142,38
DA:145,0
DA:146,0
DA:147,0
DA:148,0
DA:156,0
DA:157,0
DA:158,0
DA:159,0
DA:163,4
DA:164,0
DA:165,0
DA:169,3
DA:170,0
DA:171,0
DA:175,6
DA:176,0
DA:177,0
DA:188,10
DA:192,1
DA:193,0
DA:194,0
DA:195,0
DA:196,0
DA:197,0
DA:203,3
DA:207,32
DA:208,32
DA:213,1
LF:55
LH:24
BRDA:4,0,0,1
BRDA:4,0,1,1
BRDA:111,1,0,0
BRDA:111,1,1,0
BRDA:128,2,0,38
BRDA:128,2,1,0
BRDA:156,3,0,0
BRDA:156,3,1,0
BRDA:159,4,0,0
BRDA:159,4,1,0
BRDA:163,5,0,4
BRDA:163,5,1,0
BRDA:169,6,0,3
BRDA:169,6,1,0
BRDA:175,7,0,6
BRDA:175,7,1,0
BRDA:192,8,0,1
BRDA:192,8,1,0
BRDA:195,9,0,0
BRDA:195,9,1,0
BRF:20
BRH:7
end_of_record
TN:
SF:src\services\property.ts
FN:6,(anonymous_0)
FN:165,getActor
FN:173,fromProperty
FN:192,unwrap
FN:208,(anonymous_4)
FN:223,(anonymous_5)
FN:229,(anonymous_6)
FN:238,(anonymous_7)
FN:248,(anonymous_8)
FN:254,(anonymous_9)
FN:260,(anonymous_10)
FN:266,(anonymous_11)
FN:276,(anonymous_12)
FN:294,(anonymous_13)
FN:300,(anonymous_14)
FN:309,(anonymous_15)
FN:322,(anonymous_16)
FN:326,(anonymous_17)
FN:335,(anonymous_18)
FNF:19
FNH:17
FNDA:0,(anonymous_0)
FNDA:111,getActor
FNDA:23,fromProperty
FNDA:16,unwrap
FNDA:5,(anonymous_4)
FNDA:83,(anonymous_5)
FNDA:4,(anonymous_6)
FNDA:2,(anonymous_7)
FNDA:2,(anonymous_8)
FNDA:1,(anonymous_9)
FNDA:2,(anonymous_10)
FNDA:2,(anonymous_11)
FNDA:3,(anonymous_12)
FNDA:3,(anonymous_13)
FNDA:2,(anonymous_14)
FNDA:2,(anonymous_15)
FNDA:1,(anonymous_16)
FNDA:0,(anonymous_17)
FNDA:35,(anonymous_18)
DA:4,5
DA:6,5
DA:7,0
DA:13,0
DA:19,0
DA:25,0
DA:41,0
DA:51,0
DA:60,0
DA:67,0
DA:73,0
DA:163,5
DA:166,111
DA:167,102
DA:168,34
DA:170,43
DA:174,23
DA:193,16
DA:194,9
DA:195,9
DA:196,9
DA:197,2
DA:198,2
DA:199,2
DA:201,7
DA:202,1
DA:204,6
DA:207,5
DA:209,5
DA:210,5
DA:220,5
DA:224,83
DA:225,15
DA:226,15
DA:230,4
DA:231,4
DA:232,4
DA:243,2
DA:244,2
DA:245,2
DA:249,2
DA:250,2
DA:251,2
DA:255,1
DA:256,1
DA:257,1
DA:261,2
DA:262,2
DA:263,2
DA:267,2
DA:268,2
DA:269,2
DA:270,2
DA:271,1
DA:272,1
DA:277,3
DA:278,3
DA:279,3
DA:280,3
DA:281,1
DA:282,1
DA:289,2
DA:290,2
DA:291,2
DA:295,3
DA:296,3
DA:297,3
DA:301,2
DA:302,2
DA:303,2
DA:304,1
DA:305,1
DA:310,2
DA:311,2
DA:312,2
DA:313,1
DA:314,1
DA:323,1
DA:324,0
DA:325,0
DA:326,0
DA:336,35
LF:82
LH:70
BRDA:4,0,0,5
BRDA:4,0,1,5
BRDA:166,1,0,102
BRDA:166,1,1,9
BRDA:193,2,0,7
BRDA:193,2,1,9
BRDA:196,3,0,2
BRDA:196,3,1,7
BRDA:201,4,0,1
BRDA:201,4,1,6
BRDA:204,5,0,1
BRDA:204,5,1,5
BRDA:262,6,0,1
BRDA:262,6,1,1
BRDA:270,7,0,1
BRDA:270,7,1,1
BRDA:280,8,0,1
BRDA:280,8,1,2
BRDA:291,9,0,1
BRDA:291,9,1,1
BRDA:294,10,0,3
BRDA:303,11,0,1
BRDA:303,11,1,1
BRDA:312,12,0,1
BRDA:312,12,1,1
BRDA:323,13,0,1
BRDA:323,13,1,0
BRF:27
BRH:26
end_of_record
TN:
SF:src\services\pulseService.ts
FN:35,getWeeklyPulse
FN:51,(anonymous_1)
FN:52,(anonymous_2)
FNF:3
FNH:2
FNDA:20,getWeeklyPulse
FNDA:215,(anonymous_1)
FNDA:0,(anonymous_2)
DA:16,1
DA:36,20
DA:38,18
DA:39,18
DA:42,18
DA:49,18
DA:50,59
DA:51,215
DA:52,0
DA:54,59
DA:55,59
DA:57,59
DA:58,5
DA:63,13
LF:14
LH:13
BRDA:36,0,0,2
BRDA:36,0,1,18
BRDA:55,1,0,59
BRDA:55,1,1,56
BRDA:57,2,0,5
BRDA:57,2,1,54
BRDA:63,3,0,13
BRDA:63,3,1,0
BRF:8
BRH:7
end_of_record
TN:
SF:src\services\quote.ts
FN:8,(anonymous_0)
FN:174,fromRequest
FN:187,fromQuote
FN:200,unwrapRequest
FN:209,createQuoteService
FN:215,getActor
FN:224,(anonymous_6)
FN:250,(anonymous_7)
FN:256,(anonymous_8)
FN:262,(anonymous_9)
FN:291,(anonymous_10)
FN:292,(anonymous_11)
FN:299,(anonymous_12)
FN:304,(anonymous_13)
FN:310,(anonymous_14)
FN:310,(anonymous_15)
FN:319,(anonymous_16)
FN:325,(anonymous_17)
FN:333,(anonymous_18)
FN:343,(anonymous_19)
FN:353,(anonymous_20)
FN:360,(anonymous_21)
FNF:22
FNH:8
FNDA:0,(anonymous_0)
FNDA:0,fromRequest
FNDA:0,fromQuote
FNDA:0,unwrapRequest
FNDA:22,createQuoteService
FNDA:0,getActor
FNDA:9,(anonymous_6)
FNDA:73,(anonymous_7)
FNDA:5,(anonymous_8)
FNDA:6,(anonymous_9)
FNDA:3,(anonymous_10)
FNDA:10,(anonymous_11)
FNDA:0,(anonymous_12)
FNDA:0,(anonymous_13)
FNDA:0,(anonymous_14)
FNDA:0,(anonymous_15)
FNDA:0,(anonymous_16)
FNDA:0,(anonymous_17)
FNDA:0,(anonymous_18)
FNDA:0,(anonymous_19)
FNDA:6,(anonymous_20)
FNDA:0,(anonymous_21)
DA:4,22
DA:8,22
DA:9,0
DA:13,0
DA:16,0
DA:19,0
DA:22,0
DA:32,0
DA:42,0
DA:47,0
DA:113,22
DA:119,22
DA:129,22
DA:164,22
DA:167,22
DA:170,22
DA:175,0
DA:188,0
DA:201,0
DA:202,0
DA:203,0
DA:204,0
DA:210,22
DA:211,22
DA:212,22
DA:213,22
DA:216,0
DA:217,0
DA:218,0
DA:220,0
DA:223,22
DA:227,9
DA:228,9
DA:235,9
DA:236,9
DA:238,0
DA:240,0
DA:241,0
DA:247,0
DA:251,73
DA:252,0
DA:253,0
DA:257,5
DA:258,0
DA:259,0
DA:268,6
DA:270,6
DA:276,6
DA:278,0
DA:279,0
DA:285,0
DA:286,0
DA:287,0
DA:288,0
DA:292,10
DA:293,0
DA:294,0
DA:295,0
DA:296,0
DA:300,0
DA:302,0
DA:303,0
DA:304,0
DA:305,0
DA:307,0
DA:309,0
DA:310,0
DA:312,0
DA:313,0
DA:314,0
DA:316,0
DA:320,0
DA:322,0
DA:326,0
DA:327,0
DA:328,0
DA:329,0
DA:330,0
DA:334,0
DA:335,0
DA:336,0
DA:337,0
DA:338,0
DA:339,0
DA:344,0
DA:345,0
DA:346,0
DA:347,0
DA:348,0
DA:349,0
DA:354,6
DA:357,6
DA:361,0
DA:362,0
DA:363,0
DA:364,0
DA:365,0
DA:366,0
DA:367,0
DA:372,22
LF:100
LH:26
BRDA:4,0,0,22
BRDA:4,0,1,22
BRDA:180,1,0,0
BRDA:180,1,1,0
BRDA:182,2,0,0
BRDA:182,2,1,0
BRDA:195,3,0,0
BRDA:195,3,1,0
BRDA:201,4,0,0
BRDA:201,4,1,0
BRDA:204,5,0,0
BRDA:204,5,1,0
BRDA:216,6,0,0
BRDA:216,6,1,0
BRDA:227,7,0,9
BRDA:227,7,1,0
BRDA:251,8,0,73
BRDA:251,8,1,0
BRDA:257,9,0,5
BRDA:257,9,1,0
BRDA:268,10,0,6
BRDA:268,10,1,0
BRDA:285,11,0,0
BRDA:285,11,1,0
BRDA:288,12,0,0
BRDA:288,12,1,0
BRDA:292,13,0,3
BRDA:292,13,1,0
BRDA:295,14,0,0
BRDA:295,14,1,0
BRDA:300,15,0,0
BRDA:300,15,1,0
BRDA:305,16,0,0
BRDA:305,16,1,0
BRDA:305,17,0,0
BRDA:305,17,1,0
BRDA:314,18,0,0
BRDA:314,18,1,0
BRDA:320,19,0,0
BRDA:320,19,1,0
BRDA:326,20,0,0
BRDA:326,20,1,0
BRDA:329,21,0,0
BRDA:329,21,1,0
BRDA:334,22,0,0
BRDA:334,22,1,0
BRDA:337,23,0,0
BRDA:337,23,1,0
BRDA:344,24,0,0
BRDA:344,24,1,0
BRDA:347,25,0,0
BRDA:347,25,1,0
BRDA:357,26,0,6
BRDA:357,26,1,2
BRF:54
BRH:9
end_of_record
TN:
SF:src\services\reEngagementService.ts
FN:27,monthsElapsed
FN:44,getReEngagementPrompts
FN:49,(anonymous_2)
FNF:3
FNH:3
FNDA:17,monthsElapsed
FNDA:17,getReEngagementPrompts
FNDA:21,(anonymous_2)
DA:23,1
DA:24,1
DA:28,17
DA:29,17
DA:30,17
DA:34,17
DA:49,17
DA:50,21
DA:54,17
DA:55,17
DA:56,19
DA:57,19
DA:58,19
DA:62,17
DA:64,17
DA:65,17
DA:66,17
DA:68,13
DA:69,13
DA:79,17
LF:20
LH:20
BRDA:34,0,0,16
BRDA:34,0,1,1
BRDA:46,1,0,17
BRDA:50,2,0,21
BRDA:50,2,1,20
BRDA:50,2,2,19
BRDA:57,3,0,19
BRDA:57,3,1,0
BRDA:57,4,0,19
BRDA:57,4,1,2
BRDA:66,5,0,4
BRDA:66,5,1,13
BRDA:66,6,0,17
BRDA:66,6,1,14
BRF:14
BRH:13
end_of_record
TN:
SF:src\services\recurringService.ts
FN:8,(anonymous_0)
FN:205,fromService
FN:224,fromVisitLog
FN:235,unwrapService
FN:242,unwrapVisit
FN:251,createRecurringService
FN:260,getActor
FN:269,(anonymous_7)
FN:271,(anonymous_8)
FN:279,(anonymous_9)
FN:281,(anonymous_10)
FN:287,(anonymous_11)
FN:314,(anonymous_12)
FN:316,(anonymous_13)
FN:326,(anonymous_14)
FN:328,(anonymous_15)
FN:338,(anonymous_16)
FN:340,(anonymous_17)
FN:358,(anonymous_18)
FN:361,(anonymous_19)
FN:362,(anonymous_20)
FN:369,(anonymous_21)
FN:370,(anonymous_22)
FN:382,(anonymous_23)
FNF:24
FNH:17
FNDA:0,(anonymous_0)
FNDA:0,fromService
FNDA:0,fromVisitLog
FNDA:0,unwrapService
FNDA:0,unwrapVisit
FNDA:25,createRecurringService
FNDA:0,getActor
FNDA:3,(anonymous_7)
FNDA:2,(anonymous_8)
FNDA:2,(anonymous_9)
FNDA:3,(anonymous_10)
FNDA:14,(anonymous_11)
FNDA:4,(anonymous_12)
FNDA:3,(anonymous_13)
FNDA:2,(anonymous_14)
FNDA:1,(anonymous_15)
FNDA:6,(anonymous_16)
FNDA:5,(anonymous_17)
FNDA:2,(anonymous_18)
FNDA:3,(anonymous_19)
FNDA:4,(anonymous_20)
FNDA:17,(anonymous_21)
FNDA:5,(anonymous_22)
FNDA:0,(anonymous_23)
DA:4,25
DA:8,25
DA:9,0
DA:18,0
DA:27,0
DA:33,0
DA:50,0
DA:59,0
DA:66,0
DA:185,25
DA:194,25
DA:206,0
DA:225,0
DA:236,0
DA:237,0
DA:238,0
DA:239,0
DA:243,0
DA:244,0
DA:245,0
DA:246,0
DA:252,25
DA:255,25
DA:258,25
DA:261,0
DA:262,0
DA:263,0
DA:265,0
DA:268,25
DA:270,3
DA:271,3
DA:273,0
DA:274,0
DA:275,0
DA:276,0
DA:280,2
DA:281,3
DA:283,0
DA:284,0
DA:288,14
DA:289,14
DA:296,14
DA:297,14
DA:299,0
DA:300,0
DA:311,0
DA:315,4
DA:316,4
DA:317,4
DA:318,3
DA:319,3
DA:321,0
DA:322,0
DA:323,0
DA:327,2
DA:328,2
DA:329,2
DA:330,1
DA:331,1
DA:333,0
DA:334,0
DA:335,0
DA:339,6
DA:340,6
DA:341,6
DA:342,5
DA:350,5
DA:351,5
DA:353,0
DA:354,0
DA:355,0
DA:359,2
DA:360,2
DA:361,3
DA:362,4
DA:364,0
DA:365,0
DA:370,17
DA:371,17
DA:383,0
DA:384,0
DA:385,0
DA:390,25
LF:83
LH:39
BRDA:4,0,0,25
BRDA:4,0,1,25
BRDA:212,1,0,0
BRDA:212,1,1,0
BRDA:213,2,0,0
BRDA:213,2,1,0
BRDA:216,3,0,0
BRDA:216,3,1,0
BRDA:217,4,0,0
BRDA:217,4,1,0
BRDA:219,5,0,0
BRDA:219,5,1,0
BRDA:230,6,0,0
BRDA:230,6,1,0
BRDA:236,7,0,0
BRDA:236,7,1,0
BRDA:239,8,0,0
BRDA:239,8,1,0
BRDA:243,9,0,0
BRDA:243,9,1,0
BRDA:246,10,0,0
BRDA:246,10,1,0
BRDA:255,11,0,0
BRDA:255,11,1,25
BRDA:255,12,0,25
BRDA:255,12,1,25
BRDA:261,13,0,0
BRDA:261,13,1,0
BRDA:270,14,0,3
BRDA:270,14,1,0
BRDA:271,15,0,3
BRDA:271,15,1,1
BRDA:275,16,0,0
BRDA:275,16,1,0
BRDA:280,17,0,2
BRDA:280,17,1,0
BRDA:288,18,0,14
BRDA:288,18,1,0
BRDA:292,19,0,14
BRDA:292,19,1,14
BRDA:292,19,2,14
BRDA:304,20,0,0
BRDA:304,20,1,0
BRDA:305,21,0,0
BRDA:305,21,1,0
BRDA:308,22,0,0
BRDA:308,22,1,0
BRDA:309,23,0,0
BRDA:309,23,1,0
BRDA:315,24,0,4
BRDA:315,24,1,0
BRDA:317,25,0,1
BRDA:317,25,1,3
BRDA:327,26,0,2
BRDA:327,26,1,0
BRDA:329,27,0,1
BRDA:329,27,1,1
BRDA:339,28,0,6
BRDA:339,28,1,0
BRDA:341,29,0,1
BRDA:341,29,1,5
BRDA:354,30,0,0
BRDA:354,30,1,0
BRDA:359,31,0,2
BRDA:359,31,1,0
BRDA:372,32,0,17
BRDA:372,32,1,0
BRDA:374,33,0,17
BRDA:374,33,1,0
BRF:69
BRH:25
end_of_record
TN:
SF:src\services\report.ts
FN:18,(anonymous_0)
FN:172,disclosureFromParams
FN:226,jobToInput
FN:242,roomToInput
FN:253,propertyToInput
FN:268,fromShareLink
FN:283,fromSnapshot
FN:296,(anonymous_7)
FN:308,(anonymous_8)
FN:317,(anonymous_9)
FN:333,jobInputToCanister
FN:350,createReportService
FN:356,getActor
FN:365,(anonymous_13)
FN:392,(anonymous_14)
FN:393,(anonymous_15)
FN:394,(anonymous_16)
FN:395,(anonymous_17)
FN:422,(anonymous_18)
FN:434,(anonymous_19)
FN:451,(anonymous_20)
FN:478,(anonymous_21)
FN:480,(anonymous_22)
FN:486,(anonymous_23)
FN:501,(anonymous_24)
FN:513,(anonymous_25)
FN:521,(anonymous_26)
FNF:27
FNH:13
FNDA:0,(anonymous_0)
FNDA:0,disclosureFromParams
FNDA:11,jobToInput
FNDA:0,roomToInput
FNDA:0,propertyToInput
FNDA:0,fromShareLink
FNDA:0,fromSnapshot
FNDA:0,(anonymous_7)
FNDA:0,(anonymous_8)
FNDA:0,(anonymous_9)
FNDA:0,jobInputToCanister
FNDA:2,createReportService
FNDA:0,getActor
FNDA:12,(anonymous_13)
FNDA:11,(anonymous_14)
FNDA:11,(anonymous_15)
FNDA:11,(anonymous_16)
FNDA:11,(anonymous_17)
FNDA:0,(anonymous_18)
FNDA:0,(anonymous_19)
FNDA:11,(anonymous_20)
FNDA:3,(anonymous_21)
FNDA:30,(anonymous_22)
FNDA:1,(anonymous_23)
FNDA:8,(anonymous_24)
FNDA:4,(anonymous_25)
FNDA:0,(anonymous_26)
DA:14,2
DA:18,2
DA:19,0
DA:21,0
DA:34,0
DA:45,0
DA:55,0
DA:64,0
DA:86,0
DA:98,0
DA:107,0
DA:173,0
DA:227,11
DA:243,0
DA:254,0
DA:269,0
DA:270,0
DA:284,0
DA:296,0
DA:308,0
DA:317,0
DA:334,0
DA:351,2
DA:352,2
DA:353,2
DA:354,2
DA:357,0
DA:358,0
DA:359,0
DA:361,0
DA:364,2
DA:374,12
DA:375,12
DA:376,12
DA:377,12
DA:378,12
DA:379,12
DA:392,11
DA:393,11
DA:394,11
DA:395,11
DA:398,12
DA:399,12
DA:404,12
DA:405,12
DA:408,0
DA:409,0
DA:422,0
DA:434,0
DA:444,0
DA:445,0
DA:446,0
DA:447,0
DA:448,0
DA:452,11
DA:453,11
DA:454,11
DA:455,10
DA:456,9
DA:457,8
DA:458,8
DA:459,8
DA:460,8
DA:463,0
DA:464,0
DA:465,0
DA:466,0
DA:467,0
DA:468,0
DA:469,0
DA:470,0
DA:471,0
DA:474,0
DA:475,0
DA:479,3
DA:480,30
DA:482,0
DA:483,0
DA:487,1
DA:488,1
DA:489,1
DA:490,1
DA:491,1
DA:493,0
DA:494,0
DA:495,0
DA:496,0
DA:497,0
DA:502,8
DA:503,8
DA:504,6
DA:505,6
DA:506,6
DA:507,6
DA:508,6
DA:509,6
DA:510,6
DA:514,4
DA:515,3
DA:516,3
DA:517,2
DA:518,2
DA:522,0
DA:523,0
DA:524,0
DA:525,0
DA:530,2
LF:107
LH:53
BRDA:14,0,0,2
BRDA:14,0,1,2
BRDA:237,1,0,11
BRDA:237,1,1,2
BRDA:275,2,0,0
BRDA:275,2,1,0
BRDA:299,3,0,0
BRDA:299,3,1,0
BRDA:303,4,0,0
BRDA:303,4,1,0
BRDA:304,5,0,0
BRDA:304,5,1,0
BRDA:314,6,0,0
BRDA:314,6,1,0
BRDA:317,7,0,0
BRDA:317,7,1,0
BRDA:337,8,0,0
BRDA:337,8,1,0
BRDA:341,9,0,0
BRDA:341,9,1,0
BRDA:342,10,0,0
BRDA:342,10,1,0
BRDA:357,11,0,0
BRDA:357,11,1,0
BRDA:374,12,0,12
BRDA:374,12,1,0
BRDA:401,13,0,2
BRDA:401,13,1,10
BRDA:428,14,0,0
BRDA:428,14,1,0
BRDA:431,15,0,0
BRDA:431,15,1,0
BRDA:434,16,0,0
BRDA:434,16,1,0
BRDA:444,17,0,0
BRDA:444,17,1,0
BRDA:446,18,0,0
BRDA:446,18,1,0
BRDA:448,19,0,0
BRDA:448,19,1,0
BRDA:452,20,0,11
BRDA:452,20,1,0
BRDA:454,21,0,1
BRDA:454,21,1,10
BRDA:455,22,0,1
BRDA:455,22,1,9
BRDA:456,23,0,1
BRDA:456,23,1,8
BRDA:456,24,0,9
BRDA:456,24,1,2
BRDA:458,25,0,0
BRDA:458,25,1,8
BRDA:465,26,0,0
BRDA:465,26,1,0
BRDA:467,27,0,0
BRDA:467,27,1,0
BRDA:468,28,0,0
BRDA:468,28,1,0
BRDA:469,29,0,0
BRDA:469,29,1,0
BRDA:471,30,0,0
BRDA:471,30,1,0
BRDA:479,31,0,3
BRDA:479,31,1,0
BRDA:487,32,0,1
BRDA:487,32,1,0
BRDA:489,33,0,0
BRDA:489,33,1,1
BRDA:495,34,0,0
BRDA:495,34,1,0
BRDA:503,35,0,2
BRDA:503,35,1,6
BRDA:505,36,0,2
BRDA:505,36,1,4
BRDA:506,37,0,2
BRDA:506,37,1,4
BRDA:507,38,0,2
BRDA:507,38,1,4
BRDA:508,39,0,2
BRDA:508,39,1,4
BRDA:510,40,0,5
BRDA:510,40,1,1
BRDA:514,41,0,1
BRDA:514,41,1,3
BRDA:516,42,0,1
BRDA:516,42,1,2
BRDA:518,43,0,1
BRDA:518,43,1,1
BRF:88
BRH:38
end_of_record
TN:
SF:src\services\room.ts
FN:63,(anonymous_0)
FN:194,mapRoom
FN:205,(anonymous_2)
FN:219,getActor
FN:224,unwrap
FN:233,createRoomService
FN:234,(anonymous_6)
FN:238,(anonymous_7)
FN:240,(anonymous_8)
FN:247,(anonymous_9)
FN:264,(anonymous_10)
FN:266,(anonymous_11)
FN:269,(anonymous_12)
FN:275,(anonymous_13)
FN:277,(anonymous_14)
FN:284,(anonymous_15)
FN:290,(anonymous_16)
FN:293,(anonymous_17)
FN:299,(anonymous_18)
FN:301,(anonymous_19)
FN:304,(anonymous_20)
FN:307,(anonymous_21)
FN:314,(anonymous_22)
FN:315,(anonymous_23)
FN:319,(anonymous_24)
FN:321,(anonymous_25)
FN:322,(anonymous_26)
FN:324,(anonymous_27)
FNF:28
FNH:23
FNDA:0,(anonymous_0)
FNDA:0,mapRoom
FNDA:0,(anonymous_2)
FNDA:0,getActor
FNDA:0,unwrap
FNDA:1,createRoomService
FNDA:2,(anonymous_6)
FNDA:11,(anonymous_7)
FNDA:23,(anonymous_8)
FNDA:25,(anonymous_9)
FNDA:4,(anonymous_10)
FNDA:12,(anonymous_11)
FNDA:12,(anonymous_12)
FNDA:4,(anonymous_13)
FNDA:10,(anonymous_14)
FNDA:13,(anonymous_15)
FNDA:39,(anonymous_16)
FNDA:39,(anonymous_17)
FNDA:3,(anonymous_18)
FNDA:9,(anonymous_19)
FNDA:4,(anonymous_20)
FNDA:9,(anonymous_21)
FNDA:29,(anonymous_22)
FNDA:58,(anonymous_23)
FNDA:2,(anonymous_24)
FNDA:6,(anonymous_25)
FNDA:3,(anonymous_26)
FNDA:6,(anonymous_27)
DA:4,1
DA:63,1
DA:64,0
DA:74,0
DA:89,0
DA:99,0
DA:108,0
DA:117,0
DA:124,0
DA:130,0
DA:131,0
DA:133,0
DA:151,1
DA:195,0
DA:205,0
DA:220,0
DA:221,0
DA:225,0
DA:226,0
DA:227,0
DA:228,0
DA:234,2
DA:235,1
DA:237,1
DA:239,11
DA:240,23
DA:242,0
DA:243,0
DA:244,0
DA:248,25
DA:249,25
DA:257,25
DA:258,25
DA:260,0
DA:261,0
DA:265,4
DA:266,4
DA:267,12
DA:269,12
DA:271,0
DA:272,0
DA:276,4
DA:277,10
DA:278,4
DA:280,0
DA:281,0
DA:285,13
DA:286,13
DA:290,13
DA:291,39
DA:293,39
DA:295,0
DA:296,0
DA:300,3
DA:301,3
DA:302,9
DA:304,4
DA:307,9
DA:309,0
DA:310,0
DA:315,58
DA:316,29
DA:320,2
DA:321,2
DA:322,6
DA:324,6
DA:326,0
DA:327,0
DA:332,1
LF:69
LH:36
BRDA:4,0,0,1
BRDA:4,0,1,1
BRDA:225,1,0,0
BRDA:225,1,1,0
BRDA:228,2,0,0
BRDA:228,2,1,0
BRDA:239,3,0,11
BRDA:239,3,1,0
BRDA:248,4,0,25
BRDA:248,4,1,0
BRDA:265,5,0,4
BRDA:265,5,1,0
BRDA:267,6,0,8
BRDA:267,6,1,4
BRDA:276,7,0,4
BRDA:276,7,1,0
BRDA:285,8,0,13
BRDA:285,8,1,0
BRDA:291,9,0,26
BRDA:291,9,1,13
BRDA:300,10,0,3
BRDA:300,10,1,0
BRDA:302,11,0,6
BRDA:302,11,1,3
BRDA:304,12,0,1
BRDA:304,12,1,3
BRDA:320,13,0,2
BRDA:320,13,1,0
BRDA:322,14,0,4
BRDA:322,14,1,2
BRF:30
BRH:19
end_of_record
TN:
SF:src\services\scoreDecayService.ts
FN:64,applyDecayFloor
FN:76,systemAgeDecayPts
FN:83,getSystemAgeDecayEvents
FN:112,warrantyExpiryMs
FN:117,getWarrantyDecayEvents
FN:144,computeInactivityDecay
FN:145,(anonymous_6)
FN:147,(anonymous_7)
FN:154,getInactivityDecayEvent
FN:157,(anonymous_9)
FN:158,(anonymous_10)
FN:177,computeMaintenanceGapDecay
FN:187,getAllDecayEvents
FN:215,(anonymous_13)
FN:219,getTotalDecay
FN:220,(anonymous_15)
FN:229,getAtRiskWarnings
FN:254,(anonymous_17)
FN:256,(anonymous_18)
FN:269,(anonymous_19)
FN:274,decayCategoryColor
FN:283,decayCategoryBg
FNF:22
FNH:22
FNDA:7,applyDecayFloor
FNDA:17,systemAgeDecayPts
FNDA:11,getSystemAgeDecayEvents
FNDA:16,warrantyExpiryMs
FNDA:11,getWarrantyDecayEvents
FNDA:17,computeInactivityDecay
FNDA:17,(anonymous_6)
FNDA:16,(anonymous_7)
FNDA:9,getInactivityDecayEvent
FNDA:6,(anonymous_9)
FNDA:6,(anonymous_10)
FNDA:8,computeMaintenanceGapDecay
FNDA:5,getAllDecayEvents
FNDA:14,(anonymous_13)
FNDA:2,getTotalDecay
FNDA:2,(anonymous_15)
FNDA:8,getAtRiskWarnings
FNDA:9,(anonymous_17)
FNDA:9,(anonymous_18)
FNDA:1,(anonymous_19)
FNDA:26,decayCategoryColor
FNDA:11,decayCategoryBg
DA:19,4
DA:31,4
DA:32,4
DA:33,4
DA:34,4
DA:36,4
DA:37,4
DA:65,7
DA:77,17
DA:78,15
DA:79,15
DA:80,12
DA:87,11
DA:88,11
DA:89,9
DA:90,9
DA:91,9
DA:92,9
DA:93,9
DA:94,8
DA:95,8
DA:106,11
DA:113,16
DA:118,11
DA:119,11
DA:120,12
DA:121,8
DA:122,8
DA:123,7
DA:134,11
DA:145,17
DA:146,17
DA:147,16
DA:148,14
DA:149,14
DA:150,9
DA:151,9
DA:155,9
DA:156,9
DA:157,6
DA:158,6
DA:159,5
DA:160,5
DA:178,8
DA:193,5
DA:194,5
DA:199,5
DA:200,5
DA:202,5
DA:203,2
DA:204,2
DA:215,14
DA:220,2
DA:235,8
DA:236,8
DA:239,8
DA:240,9
DA:241,7
DA:242,7
DA:243,4
DA:254,9
DA:255,8
DA:256,9
DA:257,8
DA:258,8
DA:259,1
DA:269,8
DA:275,26
DA:276,20
DA:277,2
DA:278,2
DA:279,2
DA:284,11
DA:285,5
DA:286,2
DA:287,2
DA:288,2
LF:77
LH:77
BRDA:64,0,0,7
BRDA:77,1,0,2
BRDA:77,1,1,15
BRDA:77,2,0,17
BRDA:77,2,1,16
BRDA:79,3,0,3
BRDA:79,3,1,12
BRDA:90,4,0,0
BRDA:90,4,1,9
BRDA:90,5,0,9
BRDA:90,5,1,9
BRDA:93,6,0,8
BRDA:93,6,1,1
BRDA:98,7,0,8
BRDA:98,7,1,0
BRDA:102,8,0,8
BRDA:102,8,1,0
BRDA:120,9,0,4
BRDA:120,9,1,8
BRDA:120,10,0,12
BRDA:120,10,1,8
BRDA:122,11,0,7
BRDA:122,11,1,1
BRDA:145,12,0,17
BRDA:145,12,1,1
BRDA:146,13,0,3
BRDA:146,13,1,14
BRDA:149,14,0,5
BRDA:149,14,1,9
BRDA:156,15,0,4
BRDA:156,15,1,5
BRDA:157,16,0,6
BRDA:157,16,1,0
BRDA:163,17,0,5
BRDA:163,17,1,0
BRDA:167,18,0,5
BRDA:167,18,1,0
BRDA:191,19,0,5
BRDA:200,20,0,3
BRDA:200,20,1,2
BRDA:202,21,0,2
BRDA:202,21,1,3
BRDA:207,22,0,2
BRDA:207,22,1,0
BRDA:211,23,0,2
BRDA:211,23,1,0
BRDA:233,24,0,8
BRDA:240,25,0,2
BRDA:240,25,1,7
BRDA:240,26,0,9
BRDA:240,26,1,7
BRDA:242,27,0,4
BRDA:242,27,1,3
BRDA:242,28,0,7
BRDA:242,28,1,6
BRDA:254,29,0,9
BRDA:254,29,1,0
BRDA:255,30,0,8
BRDA:255,30,1,0
BRDA:258,31,0,1
BRDA:258,31,1,7
BRDA:258,32,0,8
BRDA:258,32,1,3
BRDA:275,33,0,20
BRDA:275,33,1,2
BRDA:275,33,2,2
BRDA:275,33,3,2
BRDA:284,34,0,5
BRDA:284,34,1,2
BRDA:284,34,2,2
BRDA:284,34,3,2
BRF:71
BRH:61
end_of_record
TN:
SF:src\services\scoreEventService.ts
FN:28,getRecentScoreEvents
FN:36,(anonymous_1)
FN:49,(anonymous_2)
FN:80,(anonymous_3)
FN:81,(anonymous_4)
FN:83,(anonymous_5)
FN:95,(anonymous_6)
FN:99,(anonymous_7)
FN:113,(anonymous_8)
FN:117,categoryColor
FN:126,categoryBg
FNF:11
FNH:11
FNDA:12,getRecentScoreEvents
FNDA:32,(anonymous_1)
FNDA:32,(anonymous_2)
FNDA:32,(anonymous_3)
FNDA:30,(anonymous_4)
FNDA:23,(anonymous_5)
FNDA:32,(anonymous_6)
FNDA:24,(anonymous_7)
FNDA:29,(anonymous_8)
FNDA:20,categoryColor
FNDA:8,categoryBg
DA:22,2
DA:32,12
DA:33,12
DA:36,32
DA:37,30
DA:38,30
DA:49,32
DA:50,2
DA:51,2
DA:52,1
DA:64,12
DA:65,4
DA:66,2
DA:67,2
DA:68,2
DA:80,32
DA:81,30
DA:82,12
DA:83,23
DA:84,2
DA:95,32
DA:96,12
DA:97,12
DA:98,57
DA:99,24
DA:100,3
DA:108,3
DA:112,12
DA:113,29
DA:118,20
DA:119,17
DA:120,1
DA:121,1
DA:122,1
DA:127,8
DA:128,5
DA:129,1
DA:130,1
DA:131,1
LF:39
LH:39
BRDA:41,0,0,0
BRDA:41,0,1,30
BRDA:41,1,0,30
BRDA:41,1,1,0
BRDA:49,2,0,32
BRDA:49,2,1,2
BRDA:51,3,0,1
BRDA:51,3,1,1
BRDA:65,4,0,2
BRDA:65,4,1,2
BRDA:65,5,0,4
BRDA:65,5,1,3
BRDA:66,6,0,1
BRDA:66,6,1,1
BRDA:67,7,0,2
BRDA:67,7,1,0
BRDA:82,8,0,2
BRDA:82,8,1,10
BRDA:98,9,0,3
BRDA:98,9,1,54
BRDA:118,10,0,17
BRDA:118,10,1,1
BRDA:118,10,2,1
BRDA:118,10,3,1
BRDA:127,11,0,5
BRDA:127,11,1,1
BRDA:127,11,2,1
BRDA:127,11,3,1
BRF:28
BRH:25
end_of_record
TN:
SF:src\services\scoreService.ts
FN:23,(anonymous_0)
FN:27,computeScore
FN:30,(anonymous_2)
FN:33,(anonymous_3)
FN:43,(anonymous_4)
FN:53,computeScoreWithDecay
FN:64,getScoreGrade
FN:73,loadHistory
FN:86,recordSnapshot
FN:107,scoreDelta
FN:119,isCertified
FN:121,(anonymous_11)
FN:124,(anonymous_12)
FN:124,(anonymous_13)
FN:140,generateCertToken
FN:144,parseCertToken
FN:160,premiumEstimate
FNF:17
FNH:17
FNDA:13,(anonymous_0)
FNDA:18,computeScore
FNDA:49,(anonymous_2)
FNDA:49,(anonymous_3)
FNDA:49,(anonymous_4)
FNDA:4,computeScoreWithDecay
FNDA:12,getScoreGrade
FNDA:9,loadHistory
FNDA:4,recordSnapshot
FNDA:4,scoreDelta
FNDA:6,isCertified
FNDA:16,(anonymous_11)
FNDA:16,(anonymous_12)
FNDA:38,(anonymous_13)
FNDA:2,generateCertToken
FNDA:2,parseCertToken
FNDA:32,premiumEstimate
DA:23,2
DA:24,13
DA:25,2
DA:28,18
DA:30,49
DA:31,18
DA:33,49
DA:34,18
DA:36,18
DA:37,18
DA:38,9
DA:39,3
DA:41,18
DA:43,49
DA:44,18
DA:46,18
DA:58,4
DA:59,4
DA:61,3
DA:65,12
DA:66,10
DA:67,8
DA:68,6
DA:69,4
DA:70,2
DA:74,9
DA:75,9
DA:76,9
DA:78,0
DA:87,4
DA:88,4
DA:89,4
DA:91,4
DA:92,4
DA:94,1
DA:95,1
DA:96,1
DA:99,3
DA:100,3
DA:101,3
DA:108,4
DA:109,2
DA:120,6
DA:121,16
DA:122,5
DA:123,4
DA:124,38
DA:141,2
DA:145,2
DA:146,2
DA:147,2
DA:149,1
DA:161,32
DA:162,30
DA:163,28
DA:164,26
DA:165,24
LF:57
LH:56
BRDA:24,0,0,0
BRDA:24,0,1,13
BRDA:38,1,0,6
BRDA:38,1,1,3
BRDA:39,2,0,3
BRDA:39,2,1,0
BRDA:59,3,0,1
BRDA:59,3,1,3
BRDA:61,4,0,2
BRDA:61,4,1,1
BRDA:65,5,0,2
BRDA:65,5,1,10
BRDA:66,6,0,2
BRDA:66,6,1,8
BRDA:67,7,0,2
BRDA:67,7,1,6
BRDA:68,8,0,2
BRDA:68,8,1,4
BRDA:69,9,0,2
BRDA:69,9,1,2
BRDA:76,10,0,8
BRDA:76,10,1,1
BRDA:92,11,0,1
BRDA:92,11,1,3
BRDA:92,12,0,4
BRDA:92,12,1,3
BRDA:108,13,0,2
BRDA:108,13,1,2
BRDA:120,14,0,1
BRDA:120,14,1,5
BRDA:121,15,0,16
BRDA:121,15,1,3
BRDA:122,16,0,1
BRDA:122,16,1,4
BRDA:161,17,0,2
BRDA:161,17,1,30
BRDA:162,18,0,2
BRDA:162,18,1,28
BRDA:163,19,0,2
BRDA:163,19,1,26
BRDA:164,20,0,2
BRDA:164,20,1,24
BRF:42
BRH:40
end_of_record
TN:
SF:src\services\sensor.ts
FN:8,(anonymous_0)
FN:103,fromDevice
FN:116,fromEvent
FN:132,createSensorService
FN:137,getActor
FN:146,(anonymous_5)
FN:175,(anonymous_6)
FN:177,(anonymous_7)
FN:186,(anonymous_8)
FN:188,(anonymous_9)
FN:194,(anonymous_10)
FN:200,(anonymous_11)
FN:207,(anonymous_12)
FN:221,(anonymous_13)
FN:227,(anonymous_14)
FNF:15
FNH:10
FNDA:0,(anonymous_0)
FNDA:0,fromDevice
FNDA:0,fromEvent
FNDA:30,createSensorService
FNDA:0,getActor
FNDA:19,(anonymous_5)
FNDA:5,(anonymous_6)
FNDA:4,(anonymous_7)
FNDA:7,(anonymous_8)
FNDA:8,(anonymous_9)
FNDA:2,(anonymous_10)
FNDA:1,(anonymous_11)
FNDA:9,(anonymous_12)
FNDA:3,(anonymous_13)
FNDA:0,(anonymous_14)
DA:4,30
DA:8,30
DA:9,0
DA:12,0
DA:22,0
DA:23,0
DA:33,0
DA:46,0
DA:52,0
DA:104,0
DA:117,0
DA:133,30
DA:134,30
DA:135,30
DA:138,0
DA:139,0
DA:140,0
DA:142,0
DA:145,30
DA:152,19
DA:153,19
DA:154,19
DA:164,19
DA:165,19
DA:167,0
DA:168,0
DA:169,0
DA:170,0
DA:171,0
DA:172,0
DA:176,5
DA:177,5
DA:178,5
DA:179,5
DA:181,0
DA:182,0
DA:183,0
DA:187,7
DA:188,8
DA:190,0
DA:191,0
DA:195,2
DA:196,0
DA:197,0
DA:201,1
DA:202,0
DA:203,0
DA:208,9
DA:218,9
DA:222,3
DA:228,0
DA:229,0
DA:230,0
DA:235,30
LF:54
LH:23
BRDA:4,0,0,30
BRDA:4,0,1,30
BRDA:126,1,0,0
BRDA:126,1,1,0
BRDA:138,2,0,0
BRDA:138,2,1,0
BRDA:152,3,0,19
BRDA:152,3,1,0
BRDA:169,4,0,0
BRDA:169,4,1,0
BRDA:172,5,0,0
BRDA:172,5,1,0
BRDA:176,6,0,5
BRDA:176,6,1,0
BRDA:178,7,0,4
BRDA:178,7,1,1
BRDA:183,8,0,0
BRDA:183,8,1,0
BRDA:187,9,0,7
BRDA:187,9,1,0
BRDA:188,10,0,8
BRDA:188,10,1,7
BRDA:194,11,0,2
BRDA:195,12,0,2
BRDA:195,12,1,0
BRDA:201,13,0,1
BRDA:201,13,1,0
BRDA:218,14,0,9
BRDA:218,14,1,1
BRDA:222,15,0,1
BRDA:222,15,1,2
BRDA:223,16,0,1
BRDA:223,16,1,1
BRF:33
BRH:18
end_of_record
TN:
SF:src\services\systemAges.ts
FN:25,(anonymous_0)
FN:28,(anonymous_1)
FN:37,(anonymous_2)
FN:42,(anonymous_3)
FNF:4
FNH:4
FNDA:27,(anonymous_0)
FNDA:16,(anonymous_1)
FNDA:11,(anonymous_2)
FNDA:6,(anonymous_3)
DA:8,1
DA:25,27
DA:27,1
DA:29,16
DA:30,16
DA:31,16
DA:33,1
DA:38,11
DA:43,6
LF:9
LH:9
BRDA:31,0,0,13
BRDA:31,0,1,3
BRF:2
BRH:2
end_of_record
TN:
SF:src\services\warranty.ts
FN:34,warrantyExpiry
FN:39,warrantyStatus
FN:48,daysRemaining
FN:56,getWarrantyJobs
FN:58,(anonymous_4)
FN:59,(anonymous_5)
FNF:6
FNH:6
FNDA:38,warrantyExpiry
FNDA:13,warrantyStatus
FNDA:12,daysRemaining
FNDA:9,getWarrantyJobs
FNDA:11,(anonymous_4)
FNDA:7,(anonymous_5)
DA:13,1
DA:16,1
DA:18,1
DA:35,38
DA:40,13
DA:41,13
DA:42,13
DA:43,7
DA:44,6
DA:49,12
DA:57,9
DA:58,11
DA:59,7
LF:13
LH:13
BRDA:35,0,0,38
BRDA:35,0,1,2
BRDA:42,1,0,6
BRDA:42,1,1,7
BRDA:43,2,0,1
BRDA:43,2,1,6
BRDA:58,3,0,11
BRDA:58,3,1,9
BRF:8
BRH:8
end_of_record
